#
# There is insufficient memory for the Java Runtime Environment to continue.
# Native memory allocation (mmap) failed to map 128974848 bytes for Failed to commit area from 0x000000008de00000 to 0x0000000095900000 of length 128974848.
# Possible reasons:
#   The system is out of physical RAM or swap space
#   The process is running with CompressedOops enabled, and the Java Heap may be blocking the growth of the native heap
# Possible solutions:
#   Reduce memory load on the system
#   Increase physical memory or swap space
#   Check if swap backing store is full
#   Decrease Java heap size (-Xmx/-Xms)
#   Decrease number of Java threads
#   Decrease Java thread stack sizes (-Xss)
#   Set larger code cache with -XX:ReservedCodeCacheSize=
#   JVM is running with Unscaled Compressed Oops mode in which the Java heap is
#     placed in the first 4GB address space. The Java Heap base address is the
#     maximum limit for the native heap growth. Please use -XX:HeapBaseMinAddress
#     to set the Java Heap base and to place the Java Heap above 4GB virtual address.
# This output file may be truncated or incomplete.
#
#  Out of Memory Error (./src/hotspot/os/windows/os_windows.cpp:3303), pid=13696, tid=5368
#
# JRE version: OpenJDK Runtime Environment (11.0.8+10) (build 11.0.8+10-b944.6842174)
# Java VM: OpenJDK 64-Bit Server VM (11.0.8+10-b944.6842174, mixed mode, tiered, compressed oops, g1 gc, windows-amd64)
# No core dump will be written. Minidumps are not enabled by default on client versions of Windows
#

---------------  S U M M A R Y ------------

Command Line: --add-opens=java.base/java.util=ALL-UNNAMED --add-opens=java.base/java.lang=ALL-UNNAMED --add-opens=java.base/java.lang.invoke=ALL-UNNAMED --add-opens=java.prefs/java.util.prefs=ALL-UNNAMED -Xmx2048m -Dfile.encoding=UTF-8 -Duser.country=ID -Duser.language=en -Duser.variant org.gradle.launcher.daemon.bootstrap.GradleDaemon 6.7.1

Host: Intel(R) Core(TM) i7-4800MQ CPU @ 2.70GHz, 8 cores, 7G,  Windows 10 , 64 bit Build 19041 (10.0.19041.928)
Time: Tue May 18 01:19:18 2021 SE Asia Standard Time elapsed time: 31 seconds (0d 0h 0m 31s)

---------------  T H R E A D  ---------------

Current thread (0x0000029e7f285800):  VMThread "VM Thread" [stack: 0x000000f175900000,0x000000f175a00000] [id=5368]

Stack: [0x000000f175900000,0x000000f175a00000]
[error occurred during error reporting (printing stack bounds), id 0xc0000005, EXCEPTION_ACCESS_VIOLATION (0xc0000005) at pc=0x0000029e00000dad]

Native frames: (J=compiled Java code, j=interpreted, Vv=VM code, C=native code)
V  [jvm.dll+0x5de50a]
V  [jvm.dll+0x7122f5]
V  [jvm.dll+0x71384d]
V  [jvm.dll+0x713e65]
V  [jvm.dll+0x713e1b]
V  [jvm.dll+0x5dd958]
V  [jvm.dll+0x5de0f8]
C  [ntdll.dll+0xa217f]
C  [ntdll.dll+0x51454]
C  [ntdll.dll+0xa0cae]
C  0x0000029e00000dad

VM_Operation (0x000000f1785f9280): G1CollectForAllocation, mode: safepoint, requested by thread 0x0000029e17f0f800


---------------  P R O C E S S  ---------------

Threads class SMR info:
_java_thread_list=0x0000029e1e12ae30, length=158, elements={
0x0000029e77c91800, 0x0000029e7f28a800, 0x0000029e7f28c000, 0x0000029e7fc04000,
0x0000029e7fc05000, 0x0000029e7fc07000, 0x0000029e7fc0c000, 0x0000029e7fc10800,
0x0000029e7fd69000, 0x0000029e7fd8f000, 0x0000029e170ab000, 0x0000029e15e53800,
0x0000029e7fe66800, 0x0000029e15b42000, 0x0000029e16a7a800, 0x0000029e16221800,
0x0000029e16224000, 0x0000029e16222800, 0x0000029e19e77800, 0x0000029e19e75000,
0x0000029e19e72800, 0x0000029e19e7e000, 0x0000029e1526e000, 0x0000029e15268800,
0x0000029e1526f000, 0x0000029e1526d000, 0x0000029e15269000, 0x0000029e1526b800,
0x0000029e1526a000, 0x0000029e1526b000, 0x0000029e1526c800, 0x0000029e16ec9800,
0x0000029e16ec5800, 0x0000029e16ec8800, 0x0000029e16ec6000, 0x0000029e16ec7000,
0x0000029e16ec4800, 0x0000029e16ec3800, 0x0000029e16eca000, 0x0000029e16ecc000,
0x0000029e16ecb000, 0x0000029e16ecd800, 0x0000029e16ecc800, 0x0000029e16ec8000,
0x0000029e16ed0000, 0x0000029e16ece800, 0x0000029e16ed1000, 0x0000029e16ecf000,
0x0000029e16ed1800, 0x0000029e16ed2800, 0x0000029e18506000, 0x0000029e18504000,
0x0000029e18503000, 0x0000029e18504800, 0x0000029e18505800, 0x0000029e18507000,
0x0000029e18501800, 0x0000029e18508000, 0x0000029e18502000, 0x0000029e186eb800,
0x0000029e186ee000, 0x0000029e186f1800, 0x0000029e186f2000, 0x0000029e186ef000,
0x0000029e186ed000, 0x0000029e186ec800, 0x0000029e186f3000, 0x0000029e186f4800,
0x0000029e186ef800, 0x0000029e186f5800, 0x0000029e186f3800, 0x0000029e186f6000,
0x0000029e186f0800, 0x0000029e186f7000, 0x0000029e186f8000, 0x0000029e186f8800,
0x0000029e186f9800, 0x0000029e186fa000, 0x0000029e187ee000, 0x0000029e187f3800,
0x0000029e187ef800, 0x0000029e187f1000, 0x0000029e187f2000, 0x0000029e187ee800,
0x0000029e187f2800, 0x0000029e187f4800, 0x0000029e187f5000, 0x0000029e187f6000,
0x0000029e187f0000, 0x0000029e187f8800, 0x0000029e187f7800, 0x0000029e187fa000,
0x0000029e187f9000, 0x0000029e187fb000, 0x0000029e187fb800, 0x0000029e187fc800,
0x0000029e187f7000, 0x0000029e1a3f9000, 0x0000029e1a3ff800, 0x0000029e1a3fc000,
0x0000029e1a3f9800, 0x0000029e1a3fd000, 0x0000029e1a3fd800, 0x0000029e1a3fa800,
0x0000029e1a3fe800, 0x0000029e1a401000, 0x0000029e1a400000, 0x0000029e1a3fb800,
0x0000029e1a402800, 0x0000029e1a406800, 0x0000029e1a402000, 0x0000029e1a404000,
0x0000029e1a407800, 0x0000029e1a405000, 0x0000029e1a403800, 0x0000029e1a406000,
0x0000029e17f08000, 0x0000029e17f03000, 0x0000029e17f06800, 0x0000029e17f04000,
0x0000029e17f0a800, 0x0000029e17f09000, 0x0000029e17f05000, 0x0000029e17f0b800,
0x0000029e17f05800, 0x0000029e17f0c000, 0x0000029e17f0d000, 0x0000029e17f07000,
0x0000029e17f0d800, 0x0000029e17f10000, 0x0000029e1b56d800, 0x0000029e17f0e800,
0x0000029e17f0f800, 0x0000029e17f11000, 0x0000029e17f12000, 0x0000029e19e72000,
0x0000029e19e74800, 0x0000029e19e73800, 0x0000029e19e71000, 0x0000029e1bb79800,
0x0000029e19e70800, 0x0000029e19e7a000, 0x0000029e19e7b000, 0x0000029e19e7f000,
0x0000029e19e7b800, 0x0000029e19e7c800, 0x0000029e19e79800, 0x0000029e19e7d800,
0x0000029e16223000, 0x0000029e1a9ba800, 0x0000029e1a9bd800, 0x0000029e1a9c1000,
0x0000029e1a9c0000, 0x0000029e1a9be800, 0x0000029e1a9bf800, 0x0000029e1a9bd000,
0x0000029e1a9bb000, 0x0000029e1a9bc000
}

Java Threads: ( => current thread )
  0x0000029e77c91800 JavaThread "main" [_thread_blocked, id=13772, stack(0x000000f175300000,0x000000f175400000)]
  0x0000029e7f28a800 JavaThread "Reference Handler" daemon [_thread_blocked, id=12748, stack(0x000000f175a00000,0x000000f175b00000)]
  0x0000029e7f28c000 JavaThread "Finalizer" daemon [_thread_blocked, id=5732, stack(0x000000f175b00000,0x000000f175c00000)]
  0x0000029e7fc04000 JavaThread "Signal Dispatcher" daemon [_thread_blocked, id=12280, stack(0x000000f175c00000,0x000000f175d00000)]
  0x0000029e7fc05000 JavaThread "Attach Listener" daemon [_thread_blocked, id=9476, stack(0x000000f175d00000,0x000000f175e00000)]
  0x0000029e7fc07000 JavaThread "C2 CompilerThread0" daemon [_thread_in_native, id=7368, stack(0x000000f175e00000,0x000000f175f00000)]
  0x0000029e7fc0c000 JavaThread "C1 CompilerThread0" daemon [_thread_blocked, id=2284, stack(0x000000f175f00000,0x000000f176000000)]
  0x0000029e7fc10800 JavaThread "Sweeper thread" daemon [_thread_blocked, id=13648, stack(0x000000f176000000,0x000000f176100000)]
  0x0000029e7fd69000 JavaThread "Common-Cleaner" daemon [_thread_blocked, id=12404, stack(0x000000f176100000,0x000000f176200000)]
  0x0000029e7fd8f000 JavaThread "Service Thread" daemon [_thread_blocked, id=10392, stack(0x000000f176200000,0x000000f176300000)]
  0x0000029e170ab000 JavaThread "Daemon health stats" [_thread_blocked, id=2512, stack(0x000000f176800000,0x000000f176900000)]
  0x0000029e15e53800 JavaThread "Incoming local TCP Connector on port 56888" [_thread_in_native, id=12168, stack(0x000000f176900000,0x000000f176a00000)]
  0x0000029e7fe66800 JavaThread "Daemon periodic checks" [_thread_blocked, id=6564, stack(0x000000f176a00000,0x000000f176b00000)]
  0x0000029e15b42000 JavaThread "Daemon" [_thread_blocked, id=13256, stack(0x000000f176b00000,0x000000f176c00000)]
  0x0000029e16a7a800 JavaThread "Daemon worker" [_thread_blocked, id=5648, stack(0x000000f176f00000,0x000000f177000000)]
  0x0000029e16221800 JavaThread "Cache worker for file hash cache (C:\Users\chand\.gradle\caches\6.7.1\fileHashes)" [_thread_blocked, id=6448, stack(0x000000f177800000,0x000000f177900000)]
  0x0000029e16224000 JavaThread "File lock request listener" [_thread_in_native, id=11532, stack(0x000000f177900000,0x000000f177a00000)]
  0x0000029e16222800 JavaThread "Cache worker for journal cache (C:\Users\chand\.gradle\caches\journal-1)" [_thread_blocked, id=5336, stack(0x000000f177b00000,0x000000f177c00000)]
  0x0000029e19e77800 JavaThread "Cache worker for execution history cache (C:\Users\chand\.gradle\caches\6.7.1\executionHistory)" [_thread_blocked, id=13584, stack(0x000000f178100000,0x000000f178200000)]
  0x0000029e19e75000 JavaThread "jar transforms" [_thread_blocked, id=12148, stack(0x000000f178200000,0x000000f178300000)]
  0x0000029e19e72800 JavaThread "Cache worker for file content cache (C:\Users\chand\.gradle\caches\6.7.1\fileContent)" [_thread_blocked, id=14280, stack(0x000000f178300000,0x000000f178400000)]
  0x0000029e19e7e000 JavaThread "jar transforms Thread 2" [_thread_blocked, id=4656, stack(0x000000f178d00000,0x000000f178e00000)]
  0x0000029e1526e000 JavaThread "jar transforms Thread 3" [_thread_blocked, id=12160, stack(0x000000f178e00000,0x000000f178f00000)]
  0x0000029e15268800 JavaThread "jar transforms Thread 4" [_thread_blocked, id=7896, stack(0x000000f178f00000,0x000000f179000000)]
  0x0000029e1526f000 JavaThread "jar transforms Thread 5" [_thread_blocked, id=3596, stack(0x000000f179000000,0x000000f179100000)]
  0x0000029e1526d000 JavaThread "jar transforms Thread 6" [_thread_blocked, id=14060, stack(0x000000f179100000,0x000000f179200000)]
  0x0000029e15269000 JavaThread "jar transforms Thread 7" [_thread_blocked, id=9532, stack(0x000000f179200000,0x000000f179300000)]
  0x0000029e1526b800 JavaThread "jar transforms Thread 8" [_thread_blocked, id=12588, stack(0x000000f179300000,0x000000f179400000)]
  0x0000029e1526a000 JavaThread "jar transforms Thread 9" [_thread_blocked, id=1912, stack(0x000000f179400000,0x000000f179500000)]
  0x0000029e1526b000 JavaThread "jar transforms Thread 10" [_thread_blocked, id=6520, stack(0x000000f179500000,0x000000f179600000)]
  0x0000029e1526c800 JavaThread "jar transforms Thread 11" [_thread_blocked, id=14260, stack(0x000000f179600000,0x000000f179700000)]
  0x0000029e16ec9800 JavaThread "jar transforms Thread 12" [_thread_blocked, id=9444, stack(0x000000f179700000,0x000000f179800000)]
  0x0000029e16ec5800 JavaThread "jar transforms Thread 13" [_thread_blocked, id=2208, stack(0x000000f179800000,0x000000f179900000)]
  0x0000029e16ec8800 JavaThread "jar transforms Thread 14" [_thread_blocked, id=14056, stack(0x000000f179900000,0x000000f179a00000)]
  0x0000029e16ec6000 JavaThread "jar transforms Thread 15" [_thread_blocked, id=11064, stack(0x000000f179a00000,0x000000f179b00000)]
  0x0000029e16ec7000 JavaThread "jar transforms Thread 16" [_thread_blocked, id=11420, stack(0x000000f179b00000,0x000000f179c00000)]
  0x0000029e16ec4800 JavaThread "jar transforms Thread 17" [_thread_blocked, id=1760, stack(0x000000f179c00000,0x000000f179d00000)]
  0x0000029e16ec3800 JavaThread "jar transforms Thread 18" [_thread_blocked, id=14072, stack(0x000000f179d00000,0x000000f179e00000)]
  0x0000029e16eca000 JavaThread "jar transforms Thread 19" [_thread_blocked, id=5804, stack(0x000000f179e00000,0x000000f179f00000)]
  0x0000029e16ecc000 JavaThread "jar transforms Thread 20" [_thread_blocked, id=13192, stack(0x000000f179f00000,0x000000f17a000000)]
  0x0000029e16ecb000 JavaThread "jar transforms Thread 21" [_thread_blocked, id=6528, stack(0x000000f17a000000,0x000000f17a100000)]
  0x0000029e16ecd800 JavaThread "jar transforms Thread 22" [_thread_blocked, id=13700, stack(0x000000f17a100000,0x000000f17a200000)]
  0x0000029e16ecc800 JavaThread "jar transforms Thread 23" [_thread_blocked, id=6820, stack(0x000000f17a200000,0x000000f17a300000)]
  0x0000029e16ec8000 JavaThread "jar transforms Thread 24" [_thread_blocked, id=12212, stack(0x000000f17a300000,0x000000f17a400000)]
  0x0000029e16ed0000 JavaThread "jar transforms Thread 25" [_thread_blocked, id=9684, stack(0x000000f17a400000,0x000000f17a500000)]
  0x0000029e16ece800 JavaThread "jar transforms Thread 26" [_thread_blocked, id=1548, stack(0x000000f17a500000,0x000000f17a600000)]
  0x0000029e16ed1000 JavaThread "jar transforms Thread 27" [_thread_blocked, id=11504, stack(0x000000f17a600000,0x000000f17a700000)]
  0x0000029e16ecf000 JavaThread "jar transforms Thread 28" [_thread_blocked, id=14312, stack(0x000000f17a700000,0x000000f17a800000)]
  0x0000029e16ed1800 JavaThread "jar transforms Thread 29" [_thread_blocked, id=9324, stack(0x000000f17a800000,0x000000f17a900000)]
  0x0000029e16ed2800 JavaThread "jar transforms Thread 30" [_thread_blocked, id=4200, stack(0x000000f17a900000,0x000000f17aa00000)]
  0x0000029e18506000 JavaThread "jar transforms Thread 31" [_thread_blocked, id=13020, stack(0x000000f17aa00000,0x000000f17ab00000)]
  0x0000029e18504000 JavaThread "jar transforms Thread 32" [_thread_blocked, id=11120, stack(0x000000f17ab00000,0x000000f17ac00000)]
  0x0000029e18503000 JavaThread "jar transforms Thread 33" [_thread_blocked, id=10576, stack(0x000000f17ac00000,0x000000f17ad00000)]
  0x0000029e18504800 JavaThread "jar transforms Thread 34" [_thread_blocked, id=13840, stack(0x000000f17ad00000,0x000000f17ae00000)]
  0x0000029e18505800 JavaThread "jar transforms Thread 35" [_thread_blocked, id=564, stack(0x000000f17ae00000,0x000000f17af00000)]
  0x0000029e18507000 JavaThread "jar transforms Thread 36" [_thread_blocked, id=12144, stack(0x000000f17af00000,0x000000f17b000000)]
  0x0000029e18501800 JavaThread "jar transforms Thread 37" [_thread_blocked, id=12544, stack(0x000000f17b000000,0x000000f17b100000)]
  0x0000029e18508000 JavaThread "jar transforms Thread 38" [_thread_blocked, id=11392, stack(0x000000f17b100000,0x000000f17b200000)]
  0x0000029e18502000 JavaThread "jar transforms Thread 39" [_thread_blocked, id=14016, stack(0x000000f17b200000,0x000000f17b300000)]
  0x0000029e186eb800 JavaThread "jar transforms Thread 40" [_thread_blocked, id=8780, stack(0x000000f17b300000,0x000000f17b400000)]
  0x0000029e186ee000 JavaThread "jar transforms Thread 41" [_thread_blocked, id=2952, stack(0x000000f17b400000,0x000000f17b500000)]
  0x0000029e186f1800 JavaThread "jar transforms Thread 42" [_thread_blocked, id=8976, stack(0x000000f17b500000,0x000000f17b600000)]
  0x0000029e186f2000 JavaThread "jar transforms Thread 43" [_thread_blocked, id=8536, stack(0x000000f17b600000,0x000000f17b700000)]
  0x0000029e186ef000 JavaThread "jar transforms Thread 44" [_thread_blocked, id=5404, stack(0x000000f17b700000,0x000000f17b800000)]
  0x0000029e186ed000 JavaThread "jar transforms Thread 45" [_thread_blocked, id=13740, stack(0x000000f17b800000,0x000000f17b900000)]
  0x0000029e186ec800 JavaThread "jar transforms Thread 46" [_thread_blocked, id=12632, stack(0x000000f17b900000,0x000000f17ba00000)]
  0x0000029e186f3000 JavaThread "jar transforms Thread 47" [_thread_blocked, id=11640, stack(0x000000f17ba00000,0x000000f17bb00000)]
  0x0000029e186f4800 JavaThread "jar transforms Thread 48" [_thread_blocked, id=13372, stack(0x000000f17bb00000,0x000000f17bc00000)]
  0x0000029e186ef800 JavaThread "jar transforms Thread 49" [_thread_blocked, id=3768, stack(0x000000f17bc00000,0x000000f17bd00000)]
  0x0000029e186f5800 JavaThread "jar transforms Thread 50" [_thread_blocked, id=10812, stack(0x000000f17bd00000,0x000000f17be00000)]
  0x0000029e186f3800 JavaThread "jar transforms Thread 51" [_thread_blocked, id=13768, stack(0x000000f17be00000,0x000000f17bf00000)]
  0x0000029e186f6000 JavaThread "jar transforms Thread 52" [_thread_blocked, id=8216, stack(0x000000f17bf00000,0x000000f17c000000)]
  0x0000029e186f0800 JavaThread "jar transforms Thread 53" [_thread_blocked, id=8304, stack(0x000000f17c000000,0x000000f17c100000)]
  0x0000029e186f7000 JavaThread "jar transforms Thread 54" [_thread_blocked, id=11108, stack(0x000000f17c100000,0x000000f17c200000)]
  0x0000029e186f8000 JavaThread "jar transforms Thread 55" [_thread_blocked, id=12052, stack(0x000000f17c200000,0x000000f17c300000)]
  0x0000029e186f8800 JavaThread "jar transforms Thread 56" [_thread_blocked, id=2480, stack(0x000000f17c300000,0x000000f17c400000)]
  0x0000029e186f9800 JavaThread "jar transforms Thread 57" [_thread_blocked, id=4748, stack(0x000000f17c400000,0x000000f17c500000)]
  0x0000029e186fa000 JavaThread "jar transforms Thread 58" [_thread_blocked, id=14288, stack(0x000000f17c500000,0x000000f17c600000)]
  0x0000029e187ee000 JavaThread "jar transforms Thread 59" [_thread_blocked, id=13904, stack(0x000000f17c600000,0x000000f17c700000)]
  0x0000029e187f3800 JavaThread "jar transforms Thread 60" [_thread_blocked, id=14088, stack(0x000000f17c700000,0x000000f17c800000)]
  0x0000029e187ef800 JavaThread "jar transforms Thread 61" [_thread_blocked, id=7900, stack(0x000000f17c800000,0x000000f17c900000)]
  0x0000029e187f1000 JavaThread "jar transforms Thread 62" [_thread_blocked, id=3732, stack(0x000000f17c900000,0x000000f17ca00000)]
  0x0000029e187f2000 JavaThread "jar transforms Thread 63" [_thread_blocked, id=10964, stack(0x000000f17ca00000,0x000000f17cb00000)]
  0x0000029e187ee800 JavaThread "jar transforms Thread 64" [_thread_blocked, id=6244, stack(0x000000f17cb00000,0x000000f17cc00000)]
  0x0000029e187f2800 JavaThread "jar transforms Thread 65" [_thread_blocked, id=13988, stack(0x000000f17cc00000,0x000000f17cd00000)]
  0x0000029e187f4800 JavaThread "jar transforms Thread 66" [_thread_blocked, id=13728, stack(0x000000f17cd00000,0x000000f17ce00000)]
  0x0000029e187f5000 JavaThread "jar transforms Thread 67" [_thread_blocked, id=664, stack(0x000000f17ce00000,0x000000f17cf00000)]
  0x0000029e187f6000 JavaThread "jar transforms Thread 68" [_thread_blocked, id=5192, stack(0x000000f17cf00000,0x000000f17d000000)]
  0x0000029e187f0000 JavaThread "jar transforms Thread 69" [_thread_blocked, id=8268, stack(0x000000f17d000000,0x000000f17d100000)]
  0x0000029e187f8800 JavaThread "jar transforms Thread 70" [_thread_blocked, id=8368, stack(0x000000f17d100000,0x000000f17d200000)]
  0x0000029e187f7800 JavaThread "jar transforms Thread 71" [_thread_blocked, id=13580, stack(0x000000f17d200000,0x000000f17d300000)]
  0x0000029e187fa000 JavaThread "jar transforms Thread 72" [_thread_blocked, id=1728, stack(0x000000f17d300000,0x000000f17d400000)]
  0x0000029e187f9000 JavaThread "jar transforms Thread 73" [_thread_blocked, id=11480, stack(0x000000f17d400000,0x000000f17d500000)]
  0x0000029e187fb000 JavaThread "jar transforms Thread 74" [_thread_blocked, id=7892, stack(0x000000f17d500000,0x000000f17d600000)]
  0x0000029e187fb800 JavaThread "jar transforms Thread 75" [_thread_blocked, id=13520, stack(0x000000f17d600000,0x000000f17d700000)]
  0x0000029e187fc800 JavaThread "jar transforms Thread 76" [_thread_blocked, id=11412, stack(0x000000f17d700000,0x000000f17d800000)]
  0x0000029e187f7000 JavaThread "jar transforms Thread 77" [_thread_blocked, id=11740, stack(0x000000f17d800000,0x000000f17d900000)]
  0x0000029e1a3f9000 JavaThread "jar transforms Thread 78" [_thread_blocked, id=8720, stack(0x000000f17d900000,0x000000f17da00000)]
  0x0000029e1a3ff800 JavaThread "jar transforms Thread 79" [_thread_blocked, id=13600, stack(0x000000f17da00000,0x000000f17db00000)]
  0x0000029e1a3fc000 JavaThread "jar transforms Thread 80" [_thread_blocked, id=3144, stack(0x000000f17db00000,0x000000f17dc00000)]
  0x0000029e1a3f9800 JavaThread "jar transforms Thread 81" [_thread_blocked, id=10972, stack(0x000000f17dc00000,0x000000f17dd00000)]
  0x0000029e1a3fd000 JavaThread "jar transforms Thread 82" [_thread_blocked, id=4480, stack(0x000000f17dd00000,0x000000f17de00000)]
  0x0000029e1a3fd800 JavaThread "jar transforms Thread 83" [_thread_blocked, id=1776, stack(0x000000f17de00000,0x000000f17df00000)]
  0x0000029e1a3fa800 JavaThread "jar transforms Thread 84" [_thread_blocked, id=4140, stack(0x000000f17df00000,0x000000f17e000000)]
  0x0000029e1a3fe800 JavaThread "jar transforms Thread 85" [_thread_blocked, id=6860, stack(0x000000f17e000000,0x000000f17e100000)]
  0x0000029e1a401000 JavaThread "jar transforms Thread 86" [_thread_blocked, id=3536, stack(0x000000f17e100000,0x000000f17e200000)]
  0x0000029e1a400000 JavaThread "jar transforms Thread 87" [_thread_blocked, id=7484, stack(0x000000f17e200000,0x000000f17e300000)]
  0x0000029e1a3fb800 JavaThread "jar transforms Thread 88" [_thread_blocked, id=5972, stack(0x000000f17e300000,0x000000f17e400000)]
  0x0000029e1a402800 JavaThread "jar transforms Thread 89" [_thread_blocked, id=11728, stack(0x000000f17e400000,0x000000f17e500000)]
  0x0000029e1a406800 JavaThread "jar transforms Thread 90" [_thread_blocked, id=5236, stack(0x000000f17e500000,0x000000f17e600000)]
  0x0000029e1a402000 JavaThread "jar transforms Thread 91" [_thread_blocked, id=12636, stack(0x000000f17e600000,0x000000f17e700000)]
  0x0000029e1a404000 JavaThread "jar transforms Thread 92" [_thread_blocked, id=1276, stack(0x000000f17e700000,0x000000f17e800000)]
  0x0000029e1a407800 JavaThread "jar transforms Thread 93" [_thread_blocked, id=13024, stack(0x000000f17e800000,0x000000f17e900000)]
  0x0000029e1a405000 JavaThread "jar transforms Thread 94" [_thread_blocked, id=11320, stack(0x000000f17e900000,0x000000f17ea00000)]
  0x0000029e1a403800 JavaThread "jar transforms Thread 95" [_thread_blocked, id=4304, stack(0x000000f17ea00000,0x000000f17eb00000)]
  0x0000029e1a406000 JavaThread "jar transforms Thread 96" [_thread_blocked, id=6872, stack(0x000000f17eb00000,0x000000f17ec00000)]
  0x0000029e17f08000 JavaThread "jar transforms Thread 97" [_thread_blocked, id=11144, stack(0x000000f17ec00000,0x000000f17ed00000)]
  0x0000029e17f03000 JavaThread "jar transforms Thread 98" [_thread_blocked, id=13528, stack(0x000000f17ed00000,0x000000f17ee00000)]
  0x0000029e17f06800 JavaThread "jar transforms Thread 99" [_thread_blocked, id=12224, stack(0x000000f17ee00000,0x000000f17ef00000)]
  0x0000029e17f04000 JavaThread "Memory manager" [_thread_blocked, id=4280, stack(0x000000f17ef00000,0x000000f17f000000)]
  0x0000029e17f0a800 JavaThread "Handler for socket connection from /127.0.0.1:56888 to /127.0.0.1:56894" [_thread_in_native, id=14044, stack(0x000000f176c00000,0x000000f176d00000)]
  0x0000029e17f09000 JavaThread "Cancel handler" [_thread_blocked, id=12780, stack(0x000000f176d00000,0x000000f176e00000)]
  0x0000029e17f05000 JavaThread "Asynchronous log dispatcher for DefaultDaemonConnection: socket connection from /127.0.0.1:56888 to /127.0.0.1:56894" [_thread_blocked, id=4368, stack(0x000000f176e00000,0x000000f176f00000)]
  0x0000029e17f0b800 JavaThread "Stdin handler" [_thread_blocked, id=13980, stack(0x000000f177000000,0x000000f177100000)]
  0x0000029e17f05800 JavaThread "Thread-140" [_thread_blocked, id=10296, stack(0x000000f177100000,0x000000f177200000)]
  0x0000029e17f0c000 JavaThread "Cache worker for file hash cache (C:\Users\chand\AndroidStudioProjects\JejaringSosialKomunitasFotografi\.gradle\6.7.1\fileHashes)" [_thread_blocked, id=14008, stack(0x000000f177200000,0x000000f177300000)]
  0x0000029e17f0d000 JavaThread "Cache worker for checksums cache (C:\Users\chand\AndroidStudioProjects\JejaringSosialKomunitasFotografi\.gradle\checksums)" [_thread_blocked, id=10464, stack(0x000000f177c00000,0x000000f177d00000)]
  0x0000029e17f07000 JavaThread "Cache worker for cache directory md-supplier (C:\Users\chand\.gradle\caches\6.7.1\md-supplier)" [_thread_blocked, id=12132, stack(0x000000f177d00000,0x000000f177e00000)]
  0x0000029e17f0d800 JavaThread "Cache worker for cache directory md-rule (C:\Users\chand\.gradle\caches\6.7.1\md-rule)" [_thread_blocked, id=9892, stack(0x000000f177e00000,0x000000f177f00000)]
  0x0000029e17f10000 JavaThread "Cache worker for Build Output Cleanup Cache (C:\Users\chand\AndroidStudioProjects\JejaringSosialKomunitasFotografi\.gradle\buildOutputCleanup)" [_thread_blocked, id=2900, stack(0x000000f177f00000,0x000000f178000000)]
  0x0000029e1b56d800 JavaThread "C2 CompilerThread1" daemon [_thread_in_native, id=10916, stack(0x000000f178000000,0x000000f178100000)]
  0x0000029e17f0e800 JavaThread "Build operations" [_thread_blocked, id=2972, stack(0x000000f178400000,0x000000f178500000)]
  0x0000029e17f0f800 JavaThread "Build operations Thread 2" [_thread_blocked, id=7420, stack(0x000000f178500000,0x000000f178600000)]
  0x0000029e17f11000 JavaThread "Build operations Thread 3" [_thread_blocked, id=4796, stack(0x000000f178600000,0x000000f178700000)]
  0x0000029e17f12000 JavaThread "Build operations Thread 4" [_thread_blocked, id=6096, stack(0x000000f178700000,0x000000f178800000)]
  0x0000029e19e72000 JavaThread "Build operations Thread 5" [_thread_blocked, id=2940, stack(0x000000f178800000,0x000000f178900000)]
  0x0000029e19e74800 JavaThread "Build operations Thread 6" [_thread_blocked, id=11696, stack(0x000000f178900000,0x000000f178a00000)]
  0x0000029e19e73800 JavaThread "Build operations Thread 7" [_thread_blocked, id=13924, stack(0x000000f178a00000,0x000000f178b00000)]
  0x0000029e19e71000 JavaThread "Build operations Thread 8" [_thread_blocked, id=4568, stack(0x000000f178b00000,0x000000f178c00000)]
  0x0000029e1bb79800 JavaThread "C2 CompilerThread2" daemon [_thread_blocked, id=9488, stack(0x000000f178c00000,0x000000f178d00000)]
  0x0000029e19e70800 JavaThread "build event listener" [_thread_blocked, id=10428, stack(0x000000f17f000000,0x000000f17f100000)]
  0x0000029e19e7a000 JavaThread "build event listener" [_thread_blocked, id=10444, stack(0x000000f17f100000,0x000000f17f200000)]
  0x0000029e19e7b000 JavaThread "Execution worker for ':'" [_thread_blocked, id=5660, stack(0x000000f17f200000,0x000000f17f300000)]
  0x0000029e19e7f000 JavaThread "Execution worker for ':' Thread 2" [_thread_blocked, id=8196, stack(0x000000f17f300000,0x000000f17f400000)]
  0x0000029e19e7b800 JavaThread "Execution worker for ':' Thread 3" [_thread_blocked, id=3432, stack(0x000000f17f400000,0x000000f17f500000)]
  0x0000029e19e7c800 JavaThread "Execution worker for ':' Thread 4" [_thread_blocked, id=1700, stack(0x000000f17f500000,0x000000f17f600000)]
  0x0000029e19e79800 JavaThread "Execution worker for ':' Thread 5" [_thread_blocked, id=11992, stack(0x000000f17f600000,0x000000f17f700000)]
  0x0000029e19e7d800 JavaThread "Execution worker for ':' Thread 6" [_thread_blocked, id=1504, stack(0x000000f17f700000,0x000000f17f800000)]
  0x0000029e16223000 JavaThread "Execution worker for ':' Thread 7" [_thread_blocked, id=11692, stack(0x000000f17f800000,0x000000f17f900000)]
  0x0000029e1a9ba800 JavaThread "Cache worker for execution history cache (C:\Users\chand\AndroidStudioProjects\JejaringSosialKomunitasFotografi\.gradle\6.7.1\executionHistory)" [_thread_blocked, id=13896, stack(0x000000f17f900000,0x000000f17fa00000)]
  0x0000029e1a9bd800 JavaThread "WorkerExecutor Queue" [_thread_blocked, id=12560, stack(0x000000f17fa00000,0x000000f17fb00000)]
  0x0000029e1a9c1000 JavaThread "WorkerExecutor Queue Thread 2" [_thread_blocked, id=2004, stack(0x000000f17fb00000,0x000000f17fc00000)]
  0x0000029e1a9c0000 JavaThread "WorkerExecutor Queue Thread 3" [_thread_blocked, id=5844, stack(0x000000f17fc00000,0x000000f17fd00000)]
  0x0000029e1a9be800 JavaThread "WorkerExecutor Queue Thread 4" [_thread_blocked, id=7208, stack(0x000000f17fd00000,0x000000f17fe00000)]
  0x0000029e1a9bf800 JavaThread "WorkerExecutor Queue Thread 5" [_thread_blocked, id=3404, stack(0x000000f17fe00000,0x000000f17ff00000)]
  0x0000029e1a9bd000 JavaThread "WorkerExecutor Queue Thread 6" [_thread_blocked, id=13792, stack(0x000000f17ff00000,0x000000f180000000)]
  0x0000029e1a9bb000 JavaThread "WorkerExecutor Queue Thread 7" [_thread_blocked, id=4716, stack(0x000000f100000000,0x000000f100100000)]
  0x0000029e1a9bc000 JavaThread "WorkerExecutor Queue Thread 8" [_thread_blocked, id=8088, stack(0x000000f100100000,0x000000f100200000)]

Other Threads:
=>0x0000029e7f285800 VMThread "VM Thread" [stack: 0x000000f175900000,0x000000f175a00000] [id=5368]
  0x0000029e7fd90800 WatcherThread [stack: 0x000000f176300000,0x000000f176400000] [id=13348]
  0x0000029e77ca9000 GCTaskThread "GC Thread#0" [stack: 0x000000f175400000,0x000000f175500000] [id=4952]
  0x0000029e7fc98800 GCTaskThread "GC Thread#1" [stack: 0x000000f176600000,0x000000f176700000] [id=3584]
  0x0000029e7fc96000 GCTaskThread "GC Thread#2" [stack: 0x000000f176700000,0x000000f176800000] [id=6088]
  0x0000029e7fc9c800 GCTaskThread "GC Thread#3" [stack: 0x000000f177300000,0x000000f177400000] [id=6572]
  0x0000029e7fc99000 GCTaskThread "GC Thread#4" [stack: 0x000000f177400000,0x000000f177500000] [id=9768]
  0x0000029e7fc9d800 GCTaskThread "GC Thread#5" [stack: 0x000000f177500000,0x000000f177600000] [id=5308]
  0x0000029e7fc9c000 GCTaskThread "GC Thread#6" [stack: 0x000000f177600000,0x000000f177700000] [id=11316]
  0x0000029e7fc9a000 GCTaskThread "GC Thread#7" [stack: 0x000000f177700000,0x000000f177800000] [id=13484]
  0x0000029e77cda800 ConcurrentGCThread "G1 Main Marker" [stack: 0x000000f175500000,0x000000f175600000] [id=7352]
  0x0000029e77ce0000 ConcurrentGCThread "G1 Conc#0" [stack: 0x000000f175600000,0x000000f175700000] [id=12356]
  0x0000029e7fc9b800 ConcurrentGCThread "G1 Conc#1" [stack: 0x000000f177a00000,0x000000f177b00000] [id=13068]
  0x0000029e77d6e800 ConcurrentGCThread "G1 Refine#0" [stack: 0x000000f175700000,0x000000f175800000] [id=6840]
  0x0000029e22c46000 ConcurrentGCThread "G1 Refine#1" [stack: 0x000000f100200000,0x000000f100300000] [id=5160]
  0x0000029e225d7800 ConcurrentGCThread "G1 Refine#2" [stack: 0x000000f100300000,0x000000f100400000] [id=10456]
  0x0000029e7f0d0800 ConcurrentGCThread "G1 Young RemSet Sampling" [stack: 0x000000f175800000,0x000000f175900000] [id=1140]

Threads with active compile tasks:
C2 CompilerThread0  31101 13835       4       org.gradle.internal.component.model.ComponentAttributeMatcher::match (259 bytes)
C1 CompilerThread0  31101 14378       3       com.android.tools.r8.C.a.a.f::a (6058 bytes)
C2 CompilerThread1  31101 14247       4       com.android.tools.r8.graph.Z0::c (177 bytes)
C2 CompilerThread2  31101 14016       4       com.android.tools.r8.utils.V::e (290 bytes)

VM state:at safepoint (normal execution)

VM Mutex/Monitor currently owned by a thread:  ([mutex/lock_event])
[0x0000029e77c8da50] Threads_lock - owner thread: 0x0000029e7f285800
[0x0000029e77c8db70] Heap_lock - owner thread: 0x0000029e17f0f800

Heap address: 0x0000000080000000, size: 2048 MB, Compressed Oops mode: 32-bit
Narrow klass base: 0x0000000000000000, Narrow klass shift: 3
Compressed class space size: 1073741824 Address: 0x0000000100000000

Heap:
 garbage-first heap   total 353280K, used 149504K [0x0000000080000000, 0x0000000100000000)
  region size 1024K, 7 young (7168K), 7 survivors (7168K)
 Metaspace       used 98381K, capacity 100712K, committed 100992K, reserved 1136640K
  class space    used 12218K, capacity 13064K, committed 13184K, reserved 1048576K
Heap Regions: E=young(eden), S=young(survivor), O=old, HS=humongous(starts), HC=humongous(continues), CS=collection set, F=free, A=archive, TAMS=top-at-mark-start (previous, next)
|   0|0x0000000080000000, 0x0000000080100000, 0x0000000080100000|100%| O|  |TAMS 0x0000000080100000, 0x0000000080000000| Untracked 
|   1|0x0000000080100000, 0x0000000080200000, 0x0000000080200000|100%| O|  |TAMS 0x0000000080200000, 0x0000000080100000| Untracked 
|   2|0x0000000080200000, 0x0000000080300000, 0x0000000080300000|100%| O|  |TAMS 0x0000000080300000, 0x0000000080200000| Untracked 
|   3|0x0000000080300000, 0x0000000080400000, 0x0000000080400000|100%|HS|  |TAMS 0x0000000080400000, 0x0000000080300000| Complete 
|   4|0x0000000080400000, 0x0000000080500000, 0x0000000080500000|100%|HC|  |TAMS 0x0000000080500000, 0x0000000080400000| Complete 
|   5|0x0000000080500000, 0x0000000080600000, 0x0000000080600000|100%|HC|  |TAMS 0x0000000080600000, 0x0000000080500000| Complete 
|   6|0x0000000080600000, 0x0000000080700000, 0x0000000080700000|100%| O|  |TAMS 0x0000000080700000, 0x0000000080600000| Untracked 
|   7|0x0000000080700000, 0x0000000080800000, 0x0000000080800000|100%| O|  |TAMS 0x0000000080800000, 0x0000000080700000| Untracked 
|   8|0x0000000080800000, 0x0000000080900000, 0x0000000080900000|100%| O|  |TAMS 0x0000000080900000, 0x0000000080800000| Untracked 
|   9|0x0000000080900000, 0x0000000080a00000, 0x0000000080a00000|100%| O|  |TAMS 0x0000000080a00000, 0x0000000080900000| Complete 
|  10|0x0000000080a00000, 0x0000000080b00000, 0x0000000080b00000|100%| O|  |TAMS 0x0000000080b00000, 0x0000000080a00000| Untracked 
|  11|0x0000000080b00000, 0x0000000080c00000, 0x0000000080c00000|100%| O|  |TAMS 0x0000000080c00000, 0x0000000080b00000| Untracked 
|  12|0x0000000080c00000, 0x0000000080d00000, 0x0000000080d00000|100%| O|  |TAMS 0x0000000080d00000, 0x0000000080c00000| Untracked 
|  13|0x0000000080d00000, 0x0000000080e00000, 0x0000000080e00000|100%| O|  |TAMS 0x0000000080e00000, 0x0000000080d00000| Untracked 
|  14|0x0000000080e00000, 0x0000000080f00000, 0x0000000080f00000|100%| O|  |TAMS 0x0000000080f00000, 0x0000000080e00000| Untracked 
|  15|0x0000000080f00000, 0x0000000081000000, 0x0000000081000000|100%| O|  |TAMS 0x0000000081000000, 0x0000000080f00000| Untracked 
|  16|0x0000000081000000, 0x0000000081100000, 0x0000000081100000|100%| O|  |TAMS 0x0000000081100000, 0x0000000081000000| Untracked 
|  17|0x0000000081100000, 0x0000000081200000, 0x0000000081200000|100%| O|  |TAMS 0x0000000081200000, 0x0000000081100000| Untracked 
|  18|0x0000000081200000, 0x0000000081300000, 0x0000000081300000|100%| O|  |TAMS 0x0000000081300000, 0x0000000081200000| Complete 
|  19|0x0000000081300000, 0x0000000081400000, 0x0000000081400000|100%|HS|  |TAMS 0x0000000081400000, 0x0000000081300000| Complete 
|  20|0x0000000081400000, 0x0000000081500000, 0x0000000081500000|100%| O|  |TAMS 0x0000000081500000, 0x0000000081400000| Untracked 
|  21|0x0000000081500000, 0x0000000081600000, 0x0000000081600000|100%| O|  |TAMS 0x0000000081600000, 0x0000000081500000| Complete 
|  22|0x0000000081600000, 0x0000000081700000, 0x0000000081700000|100%|HS|  |TAMS 0x0000000081700000, 0x0000000081600000| Complete 
|  23|0x0000000081700000, 0x0000000081800000, 0x0000000081800000|100%|HC|  |TAMS 0x0000000081800000, 0x0000000081700000| Complete 
|  24|0x0000000081800000, 0x0000000081900000, 0x0000000081900000|100%| O|  |TAMS 0x0000000081900000, 0x0000000081800000| Untracked 
|  25|0x0000000081900000, 0x0000000081a00000, 0x0000000081a00000|100%| O|  |TAMS 0x0000000081a00000, 0x0000000081900000| Untracked 
|  26|0x0000000081a00000, 0x0000000081b00000, 0x0000000081b00000|100%| O|  |TAMS 0x0000000081b00000, 0x0000000081a00000| Untracked 
|  27|0x0000000081b00000, 0x0000000081c00000, 0x0000000081c00000|100%| O|  |TAMS 0x0000000081c00000, 0x0000000081b00000| Untracked 
|  28|0x0000000081c00000, 0x0000000081d00000, 0x0000000081d00000|100%| O|  |TAMS 0x0000000081d00000, 0x0000000081c00000| Complete 
|  29|0x0000000081d00000, 0x0000000081e00000, 0x0000000081e00000|100%| O|  |TAMS 0x0000000081e00000, 0x0000000081d00000| Untracked 
|  30|0x0000000081e00000, 0x0000000081f00000, 0x0000000081f00000|100%| O|  |TAMS 0x0000000081f00000, 0x0000000081e00000| Untracked 
|  31|0x0000000081f00000, 0x0000000082000000, 0x0000000082000000|100%| O|  |TAMS 0x0000000082000000, 0x0000000081f00000| Untracked 
|  32|0x0000000082000000, 0x0000000082100000, 0x0000000082100000|100%| O|  |TAMS 0x0000000082100000, 0x0000000082000000| Untracked 
|  33|0x0000000082100000, 0x0000000082200000, 0x0000000082200000|100%| O|  |TAMS 0x0000000082200000, 0x0000000082100000| Complete 
|  34|0x0000000082200000, 0x0000000082300000, 0x0000000082300000|100%| O|  |TAMS 0x0000000082300000, 0x0000000082200000| Complete 
|  35|0x0000000082300000, 0x0000000082400000, 0x0000000082400000|100%| O|  |TAMS 0x0000000082400000, 0x0000000082300000| Untracked 
|  36|0x0000000082400000, 0x0000000082500000, 0x0000000082500000|100%| O|  |TAMS 0x0000000082500000, 0x0000000082400000| Untracked 
|  37|0x0000000082500000, 0x0000000082600000, 0x0000000082600000|100%| O|  |TAMS 0x0000000082600000, 0x0000000082500000| Untracked 
|  38|0x0000000082600000, 0x0000000082700000, 0x0000000082700000|100%| O|  |TAMS 0x0000000082700000, 0x0000000082600000| Untracked 
|  39|0x0000000082700000, 0x0000000082800000, 0x0000000082800000|100%| O|  |TAMS 0x0000000082800000, 0x0000000082700000| Complete 
|  40|0x0000000082800000, 0x0000000082900000, 0x0000000082900000|100%| O|  |TAMS 0x0000000082900000, 0x0000000082800000| Complete 
|  41|0x0000000082900000, 0x0000000082a00000, 0x0000000082a00000|100%| O|  |TAMS 0x0000000082a00000, 0x0000000082900000| Complete 
|  42|0x0000000082a00000, 0x0000000082b00000, 0x0000000082b00000|100%| O|  |TAMS 0x0000000082b00000, 0x0000000082a00000| Complete 
|  43|0x0000000082b00000, 0x0000000082c00000, 0x0000000082c00000|100%| O|  |TAMS 0x0000000082c00000, 0x0000000082b00000| Untracked 
|  44|0x0000000082c00000, 0x0000000082d00000, 0x0000000082d00000|100%| O|  |TAMS 0x0000000082d00000, 0x0000000082c00000| Complete 
|  45|0x0000000082d00000, 0x0000000082e00000, 0x0000000082e00000|100%| O|  |TAMS 0x0000000082e00000, 0x0000000082d00000| Untracked 
|  46|0x0000000082e00000, 0x0000000082f00000, 0x0000000082f00000|100%| O|  |TAMS 0x0000000082f00000, 0x0000000082e00000| Untracked 
|  47|0x0000000082f00000, 0x0000000083000000, 0x0000000083000000|100%| O|  |TAMS 0x0000000083000000, 0x0000000082f00000| Complete 
|  48|0x0000000083000000, 0x0000000083100000, 0x0000000083100000|100%| O|  |TAMS 0x0000000083100000, 0x0000000083000000| Untracked 
|  49|0x0000000083100000, 0x0000000083200000, 0x0000000083200000|100%| O|  |TAMS 0x0000000083200000, 0x0000000083100000| Untracked 
|  50|0x0000000083200000, 0x0000000083300000, 0x0000000083300000|100%| O|  |TAMS 0x0000000083300000, 0x0000000083200000| Untracked 
|  51|0x0000000083300000, 0x0000000083400000, 0x0000000083400000|100%| O|  |TAMS 0x0000000083400000, 0x0000000083300000| Untracked 
|  52|0x0000000083400000, 0x0000000083500000, 0x0000000083500000|100%| O|  |TAMS 0x0000000083500000, 0x0000000083400000| Complete 
|  53|0x0000000083500000, 0x0000000083600000, 0x0000000083600000|100%| O|  |TAMS 0x0000000083600000, 0x0000000083500000| Complete 
|  54|0x0000000083600000, 0x0000000083700000, 0x0000000083700000|100%| O|  |TAMS 0x0000000083700000, 0x0000000083600000| Complete 
|  55|0x0000000083700000, 0x0000000083800000, 0x0000000083800000|100%| O|  |TAMS 0x0000000083800000, 0x0000000083700000| Untracked 
|  56|0x0000000083800000, 0x0000000083900000, 0x0000000083900000|100%| O|  |TAMS 0x0000000083900000, 0x0000000083800000| Untracked 
|  57|0x0000000083900000, 0x0000000083a00000, 0x0000000083a00000|100%| O|  |TAMS 0x0000000083a00000, 0x0000000083900000| Untracked 
|  58|0x0000000083a00000, 0x0000000083b00000, 0x0000000083b00000|100%| O|  |TAMS 0x0000000083b00000, 0x0000000083a00000| Untracked 
|  59|0x0000000083b00000, 0x0000000083c00000, 0x0000000083c00000|100%| O|  |TAMS 0x0000000083c00000, 0x0000000083b00000| Untracked 
|  60|0x0000000083c00000, 0x0000000083d00000, 0x0000000083d00000|100%| O|  |TAMS 0x0000000083d00000, 0x0000000083c00000| Untracked 
|  61|0x0000000083d00000, 0x0000000083e00000, 0x0000000083e00000|100%| O|  |TAMS 0x0000000083e00000, 0x0000000083d00000| Untracked 
|  62|0x0000000083e00000, 0x0000000083f00000, 0x0000000083f00000|100%| O|  |TAMS 0x0000000083f00000, 0x0000000083e00000| Untracked 
|  63|0x0000000083f00000, 0x0000000084000000, 0x0000000084000000|100%| O|  |TAMS 0x0000000084000000, 0x0000000083f00000| Untracked 
|  64|0x0000000084000000, 0x0000000084100000, 0x0000000084100000|100%| O|  |TAMS 0x0000000084100000, 0x0000000084000000| Complete 
|  65|0x0000000084100000, 0x0000000084200000, 0x0000000084200000|100%| O|  |TAMS 0x0000000084200000, 0x0000000084100000| Untracked 
|  66|0x0000000084200000, 0x0000000084300000, 0x0000000084300000|100%| O|  |TAMS 0x0000000084300000, 0x0000000084200000| Complete 
|  67|0x0000000084300000, 0x0000000084400000, 0x0000000084400000|100%| O|  |TAMS 0x0000000084400000, 0x0000000084300000| Untracked 
|  68|0x0000000084400000, 0x0000000084500000, 0x0000000084500000|100%| O|  |TAMS 0x0000000084500000, 0x0000000084400000| Untracked 
|  69|0x0000000084500000, 0x0000000084600000, 0x0000000084600000|100%| O|  |TAMS 0x0000000084600000, 0x0000000084500000| Untracked 
|  70|0x0000000084600000, 0x0000000084700000, 0x0000000084700000|100%| O|  |TAMS 0x0000000084700000, 0x0000000084600000| Untracked 
|  71|0x0000000084700000, 0x0000000084800000, 0x0000000084800000|100%| O|  |TAMS 0x0000000084800000, 0x0000000084700000| Complete 
|  72|0x0000000084800000, 0x0000000084900000, 0x0000000084900000|100%| O|  |TAMS 0x0000000084900000, 0x0000000084800000| Complete 
|  73|0x0000000084900000, 0x0000000084a00000, 0x0000000084a00000|100%| O|  |TAMS 0x0000000084a00000, 0x0000000084900000| Complete 
|  74|0x0000000084a00000, 0x0000000084b00000, 0x0000000084b00000|100%| O|  |TAMS 0x0000000084b00000, 0x0000000084a00000| Complete 
|  75|0x0000000084b00000, 0x0000000084c00000, 0x0000000084c00000|100%| O|  |TAMS 0x0000000084c00000, 0x0000000084b00000| Untracked 
|  76|0x0000000084c00000, 0x0000000084d00000, 0x0000000084d00000|100%| O|  |TAMS 0x0000000084d00000, 0x0000000084c00000| Untracked 
|  77|0x0000000084d00000, 0x0000000084e00000, 0x0000000084e00000|100%|HS|  |TAMS 0x0000000084e00000, 0x0000000084d00000| Complete 
|  78|0x0000000084e00000, 0x0000000084f00000, 0x0000000084f00000|100%|HC|  |TAMS 0x0000000084f00000, 0x0000000084e00000| Complete 
|  79|0x0000000084f00000, 0x0000000085000000, 0x0000000085000000|100%| O|  |TAMS 0x0000000085000000, 0x0000000084f00000| Untracked 
|  80|0x0000000085000000, 0x0000000085100000, 0x0000000085100000|100%| O|  |TAMS 0x0000000085100000, 0x0000000085000000| Complete 
|  81|0x0000000085100000, 0x0000000085200000, 0x0000000085200000|100%| O|  |TAMS 0x0000000085200000, 0x0000000085100000| Untracked 
|  82|0x0000000085200000, 0x0000000085300000, 0x0000000085300000|100%| O|  |TAMS 0x0000000085300000, 0x0000000085200000| Untracked 
|  83|0x0000000085300000, 0x0000000085400000, 0x0000000085400000|100%| O|  |TAMS 0x0000000085400000, 0x0000000085300000| Untracked 
|  84|0x0000000085400000, 0x0000000085500000, 0x0000000085500000|100%| O|  |TAMS 0x0000000085500000, 0x0000000085400000| Untracked 
|  85|0x0000000085500000, 0x0000000085600000, 0x0000000085600000|100%| O|  |TAMS 0x0000000085600000, 0x0000000085500000| Untracked 
|  86|0x0000000085600000, 0x0000000085700000, 0x0000000085700000|100%| O|  |TAMS 0x0000000085700000, 0x0000000085600000| Untracked 
|  87|0x0000000085700000, 0x0000000085800000, 0x0000000085800000|100%| O|  |TAMS 0x0000000085800000, 0x0000000085700000| Untracked 
|  88|0x0000000085800000, 0x0000000085900000, 0x0000000085900000|100%| O|  |TAMS 0x0000000085900000, 0x0000000085800000| Untracked 
|  89|0x0000000085900000, 0x0000000085a00000, 0x0000000085a00000|100%| O|  |TAMS 0x0000000085a00000, 0x0000000085900000| Untracked 
|  90|0x0000000085a00000, 0x0000000085b00000, 0x0000000085b00000|100%| O|  |TAMS 0x0000000085b00000, 0x0000000085a00000| Untracked 
|  91|0x0000000085b00000, 0x0000000085c00000, 0x0000000085c00000|100%| O|  |TAMS 0x0000000085c00000, 0x0000000085b00000| Complete 
|  92|0x0000000085c00000, 0x0000000085d00000, 0x0000000085d00000|100%| O|  |TAMS 0x0000000085d00000, 0x0000000085c00000| Complete 
|  93|0x0000000085d00000, 0x0000000085e00000, 0x0000000085e00000|100%| O|  |TAMS 0x0000000085e00000, 0x0000000085d00000| Complete 
|  94|0x0000000085e00000, 0x0000000085f00000, 0x0000000085f00000|100%| O|  |TAMS 0x0000000085f00000, 0x0000000085e00000| Complete 
|  95|0x0000000085f00000, 0x0000000086000000, 0x0000000086000000|100%| O|  |TAMS 0x0000000086000000, 0x0000000085f00000| Untracked 
|  96|0x0000000086000000, 0x0000000086100000, 0x0000000086100000|100%| O|  |TAMS 0x0000000086100000, 0x0000000086000000| Untracked 
|  97|0x0000000086100000, 0x0000000086200000, 0x0000000086200000|100%| O|  |TAMS 0x0000000086200000, 0x0000000086100000| Complete 
|  98|0x0000000086200000, 0x0000000086300000, 0x0000000086300000|100%| O|  |TAMS 0x0000000086300000, 0x0000000086200000| Untracked 
|  99|0x0000000086300000, 0x0000000086400000, 0x0000000086400000|100%| O|  |TAMS 0x0000000086400000, 0x0000000086300000| Untracked 
| 100|0x0000000086400000, 0x0000000086500000, 0x0000000086500000|100%| O|  |TAMS 0x0000000086500000, 0x0000000086400000| Untracked 
| 101|0x0000000086500000, 0x0000000086600000, 0x0000000086600000|100%| O|  |TAMS 0x0000000086600000, 0x0000000086500000| Untracked 
| 102|0x0000000086600000, 0x0000000086700000, 0x0000000086700000|100%| O|  |TAMS 0x0000000086700000, 0x0000000086600000| Complete 
| 103|0x0000000086700000, 0x0000000086800000, 0x0000000086800000|100%| O|  |TAMS 0x0000000086800000, 0x0000000086700000| Untracked 
| 104|0x0000000086800000, 0x0000000086900000, 0x0000000086900000|100%| O|  |TAMS 0x0000000086900000, 0x0000000086800000| Untracked 
| 105|0x0000000086900000, 0x0000000086a00000, 0x0000000086a00000|100%| O|  |TAMS 0x0000000086a00000, 0x0000000086900000| Untracked 
| 106|0x0000000086a00000, 0x0000000086b00000, 0x0000000086b00000|100%| O|  |TAMS 0x0000000086b00000, 0x0000000086a00000| Complete 
| 107|0x0000000086b00000, 0x0000000086c00000, 0x0000000086c00000|100%| O|  |TAMS 0x0000000086c00000, 0x0000000086b00000| Complete 
| 108|0x0000000086c00000, 0x0000000086d00000, 0x0000000086d00000|100%| O|  |TAMS 0x0000000086d00000, 0x0000000086c00000| Untracked 
| 109|0x0000000086d00000, 0x0000000086e00000, 0x0000000086e00000|100%| O|  |TAMS 0x0000000086e00000, 0x0000000086d00000| Untracked 
| 110|0x0000000086e00000, 0x0000000086f00000, 0x0000000086f00000|100%| O|  |TAMS 0x0000000086f00000, 0x0000000086e00000| Untracked 
| 111|0x0000000086f00000, 0x0000000087000000, 0x0000000087000000|100%| O|  |TAMS 0x0000000087000000, 0x0000000086f00000| Untracked 
| 112|0x0000000087000000, 0x0000000087100000, 0x0000000087100000|100%| O|  |TAMS 0x0000000087100000, 0x0000000087000000| Untracked 
| 113|0x0000000087100000, 0x0000000087200000, 0x0000000087200000|100%| O|  |TAMS 0x0000000087200000, 0x0000000087100000| Untracked 
| 114|0x0000000087200000, 0x0000000087300000, 0x0000000087300000|100%| O|  |TAMS 0x0000000087300000, 0x0000000087200000| Untracked 
| 115|0x0000000087300000, 0x0000000087400000, 0x0000000087400000|100%| O|  |TAMS 0x0000000087400000, 0x0000000087300000| Untracked 
| 116|0x0000000087400000, 0x0000000087500000, 0x0000000087500000|100%| O|  |TAMS 0x0000000087500000, 0x0000000087400000| Untracked 
| 117|0x0000000087500000, 0x0000000087600000, 0x0000000087600000|100%| O|  |TAMS 0x0000000087600000, 0x0000000087500000| Untracked 
| 118|0x0000000087600000, 0x0000000087700000, 0x0000000087700000|100%| O|  |TAMS 0x0000000087700000, 0x0000000087600000| Untracked 
| 119|0x0000000087700000, 0x0000000087800000, 0x0000000087800000|100%| O|  |TAMS 0x000000008778b800, 0x0000000087700000| Complete 
| 120|0x0000000087800000, 0x0000000087900000, 0x0000000087900000|100%| O|  |TAMS 0x0000000087800000, 0x0000000087800000| Untracked 
| 121|0x0000000087900000, 0x0000000087a00000, 0x0000000087a00000|100%| O|  |TAMS 0x0000000087900000, 0x0000000087900000| Untracked 
| 122|0x0000000087a00000, 0x0000000087b00000, 0x0000000087b00000|100%| O|  |TAMS 0x0000000087a00000, 0x0000000087a00000| Untracked 
| 123|0x0000000087b00000, 0x0000000087c00000, 0x0000000087c00000|100%| O|  |TAMS 0x0000000087b00000, 0x0000000087b00000| Untracked 
| 124|0x0000000087c00000, 0x0000000087d00000, 0x0000000087d00000|100%| O|  |TAMS 0x0000000087c00000, 0x0000000087c00000| Untracked 
| 125|0x0000000087d00000, 0x0000000087e00000, 0x0000000087e00000|100%| O|  |TAMS 0x0000000087d00000, 0x0000000087d00000| Untracked 
| 126|0x0000000087e00000, 0x0000000087f00000, 0x0000000087f00000|100%| O|  |TAMS 0x0000000087e00000, 0x0000000087e00000| Untracked 
| 127|0x0000000087f00000, 0x0000000088000000, 0x0000000088000000|100%| O|  |TAMS 0x0000000087f00000, 0x0000000087f00000| Untracked 
| 128|0x0000000088000000, 0x0000000088100000, 0x0000000088100000|100%| O|  |TAMS 0x0000000088000000, 0x0000000088000000| Untracked 
| 129|0x0000000088100000, 0x0000000088200000, 0x0000000088200000|100%| O|  |TAMS 0x0000000088100000, 0x0000000088100000| Untracked 
| 130|0x0000000088200000, 0x0000000088300000, 0x0000000088300000|100%| O|  |TAMS 0x0000000088200000, 0x0000000088200000| Untracked 
| 131|0x0000000088300000, 0x0000000088400000, 0x0000000088400000|100%| O|  |TAMS 0x0000000088300000, 0x0000000088300000| Untracked 
| 132|0x0000000088400000, 0x0000000088500000, 0x0000000088500000|100%| O|  |TAMS 0x0000000088400000, 0x0000000088400000| Untracked 
| 133|0x0000000088500000, 0x0000000088600000, 0x0000000088600000|100%| O|  |TAMS 0x0000000088500000, 0x0000000088500000| Untracked 
| 134|0x0000000088600000, 0x0000000088700000, 0x0000000088700000|100%| O|  |TAMS 0x0000000088600000, 0x0000000088600000| Untracked 
| 135|0x0000000088700000, 0x0000000088800000, 0x0000000088800000|100%| O|  |TAMS 0x0000000088700000, 0x0000000088700000| Untracked 
| 136|0x0000000088800000, 0x0000000088900000, 0x0000000088900000|100%| O|  |TAMS 0x0000000088800000, 0x0000000088800000| Untracked 
| 137|0x0000000088900000, 0x0000000088a00000, 0x0000000088a00000|100%| O|  |TAMS 0x0000000088900000, 0x0000000088900000| Untracked 
| 138|0x0000000088a00000, 0x0000000088b00000, 0x0000000088b00000|100%| O|  |TAMS 0x0000000088a00000, 0x0000000088a00000| Untracked 
| 139|0x0000000088b00000, 0x0000000088b00000, 0x0000000088c00000|  0%| F|  |TAMS 0x0000000088b00000, 0x0000000088b00000| Untracked 
| 140|0x0000000088c00000, 0x0000000088c00000, 0x0000000088d00000|  0%| F|  |TAMS 0x0000000088c00000, 0x0000000088c00000| Untracked 
| 141|0x0000000088d00000, 0x0000000088d00000, 0x0000000088e00000|  0%| F|  |TAMS 0x0000000088d00000, 0x0000000088d00000| Untracked 
| 142|0x0000000088e00000, 0x0000000088e00000, 0x0000000088f00000|  0%| F|  |TAMS 0x0000000088e00000, 0x0000000088e00000| Untracked 
| 143|0x0000000088f00000, 0x0000000088f00000, 0x0000000089000000|  0%| F|  |TAMS 0x0000000088f00000, 0x0000000088f00000| Untracked 
| 144|0x0000000089000000, 0x0000000089000000, 0x0000000089100000|  0%| F|  |TAMS 0x0000000089000000, 0x0000000089000000| Untracked 
| 145|0x0000000089100000, 0x0000000089100000, 0x0000000089200000|  0%| F|  |TAMS 0x0000000089100000, 0x0000000089100000| Untracked 
| 146|0x0000000089200000, 0x0000000089200000, 0x0000000089300000|  0%| F|  |TAMS 0x0000000089200000, 0x0000000089200000| Untracked 
| 147|0x0000000089300000, 0x0000000089300000, 0x0000000089400000|  0%| F|  |TAMS 0x0000000089300000, 0x0000000089300000| Untracked 
| 148|0x0000000089400000, 0x0000000089400000, 0x0000000089500000|  0%| F|  |TAMS 0x0000000089400000, 0x0000000089400000| Untracked 
| 149|0x0000000089500000, 0x0000000089500000, 0x0000000089600000|  0%| F|  |TAMS 0x0000000089500000, 0x0000000089500000| Untracked 
| 150|0x0000000089600000, 0x0000000089600000, 0x0000000089700000|  0%| F|  |TAMS 0x0000000089600000, 0x0000000089600000| Untracked 
| 151|0x0000000089700000, 0x0000000089700000, 0x0000000089800000|  0%| F|  |TAMS 0x0000000089700000, 0x0000000089700000| Untracked 
| 152|0x0000000089800000, 0x0000000089800000, 0x0000000089900000|  0%| F|  |TAMS 0x0000000089800000, 0x0000000089800000| Untracked 
| 153|0x0000000089900000, 0x0000000089900000, 0x0000000089a00000|  0%| F|  |TAMS 0x0000000089900000, 0x0000000089900000| Untracked 
| 154|0x0000000089a00000, 0x0000000089a00000, 0x0000000089b00000|  0%| F|  |TAMS 0x0000000089a00000, 0x0000000089a00000| Untracked 
| 155|0x0000000089b00000, 0x0000000089b00000, 0x0000000089c00000|  0%| F|  |TAMS 0x0000000089b00000, 0x0000000089b00000| Untracked 
| 156|0x0000000089c00000, 0x0000000089c00000, 0x0000000089d00000|  0%| F|  |TAMS 0x0000000089c00000, 0x0000000089c00000| Untracked 
| 157|0x0000000089d00000, 0x0000000089d00000, 0x0000000089e00000|  0%| F|  |TAMS 0x0000000089d00000, 0x0000000089d00000| Untracked 
| 158|0x0000000089e00000, 0x0000000089e00000, 0x0000000089f00000|  0%| F|  |TAMS 0x0000000089e00000, 0x0000000089e00000| Untracked 
| 159|0x0000000089f00000, 0x0000000089f00000, 0x000000008a000000|  0%| F|  |TAMS 0x0000000089f00000, 0x0000000089f00000| Untracked 
| 160|0x000000008a000000, 0x000000008a000000, 0x000000008a100000|  0%| F|  |TAMS 0x000000008a000000, 0x000000008a000000| Untracked 
| 161|0x000000008a100000, 0x000000008a100000, 0x000000008a200000|  0%| F|  |TAMS 0x000000008a100000, 0x000000008a100000| Untracked 
| 162|0x000000008a200000, 0x000000008a200000, 0x000000008a300000|  0%| F|  |TAMS 0x000000008a200000, 0x000000008a200000| Untracked 
| 163|0x000000008a300000, 0x000000008a300000, 0x000000008a400000|  0%| F|  |TAMS 0x000000008a300000, 0x000000008a300000| Untracked 
| 164|0x000000008a400000, 0x000000008a400000, 0x000000008a500000|  0%| F|  |TAMS 0x000000008a400000, 0x000000008a400000| Untracked 
| 165|0x000000008a500000, 0x000000008a500000, 0x000000008a600000|  0%| F|  |TAMS 0x000000008a500000, 0x000000008a500000| Untracked 
| 166|0x000000008a600000, 0x000000008a600000, 0x000000008a700000|  0%| F|  |TAMS 0x000000008a600000, 0x000000008a600000| Untracked 
| 167|0x000000008a700000, 0x000000008a700000, 0x000000008a800000|  0%| F|  |TAMS 0x000000008a700000, 0x000000008a700000| Untracked 
| 168|0x000000008a800000, 0x000000008a800000, 0x000000008a900000|  0%| F|  |TAMS 0x000000008a800000, 0x000000008a800000| Untracked 
| 169|0x000000008a900000, 0x000000008a900000, 0x000000008aa00000|  0%| F|  |TAMS 0x000000008a900000, 0x000000008a900000| Untracked 
| 170|0x000000008aa00000, 0x000000008aa00000, 0x000000008ab00000|  0%| F|  |TAMS 0x000000008aa00000, 0x000000008aa00000| Untracked 
| 171|0x000000008ab00000, 0x000000008ab00000, 0x000000008ac00000|  0%| F|  |TAMS 0x000000008ab00000, 0x000000008ab00000| Untracked 
| 172|0x000000008ac00000, 0x000000008ac00000, 0x000000008ad00000|  0%| F|  |TAMS 0x000000008ac00000, 0x000000008ac00000| Untracked 
| 173|0x000000008ad00000, 0x000000008ad00000, 0x000000008ae00000|  0%| F|  |TAMS 0x000000008ad00000, 0x000000008ad00000| Untracked 
| 174|0x000000008ae00000, 0x000000008af00000, 0x000000008af00000|100%| S|CS|TAMS 0x000000008ae00000, 0x000000008ae00000| Complete 
| 175|0x000000008af00000, 0x000000008b000000, 0x000000008b000000|100%| S|CS|TAMS 0x000000008af00000, 0x000000008af00000| Complete 
| 176|0x000000008b000000, 0x000000008b100000, 0x000000008b100000|100%| S|CS|TAMS 0x000000008b000000, 0x000000008b000000| Complete 
| 177|0x000000008b100000, 0x000000008b200000, 0x000000008b200000|100%| S|CS|TAMS 0x000000008b100000, 0x000000008b100000| Complete 
| 178|0x000000008b200000, 0x000000008b300000, 0x000000008b300000|100%| S|CS|TAMS 0x000000008b200000, 0x000000008b200000| Complete 
| 179|0x000000008b300000, 0x000000008b400000, 0x000000008b400000|100%| S|CS|TAMS 0x000000008b300000, 0x000000008b300000| Complete 
| 180|0x000000008b400000, 0x000000008b500000, 0x000000008b500000|100%| S|CS|TAMS 0x000000008b400000, 0x000000008b400000| Complete 
| 181|0x000000008b500000, 0x000000008b500000, 0x000000008b600000|  0%| F|  |TAMS 0x000000008b500000, 0x000000008b500000| Untracked 
| 182|0x000000008b600000, 0x000000008b600000, 0x000000008b700000|  0%| F|  |TAMS 0x000000008b600000, 0x000000008b600000| Untracked 
| 183|0x000000008b700000, 0x000000008b700000, 0x000000008b800000|  0%| F|  |TAMS 0x000000008b700000, 0x000000008b700000| Untracked 
| 184|0x000000008b800000, 0x000000008b800000, 0x000000008b900000|  0%| F|  |TAMS 0x000000008b800000, 0x000000008b800000| Untracked 
| 185|0x000000008b900000, 0x000000008b900000, 0x000000008ba00000|  0%| F|  |TAMS 0x000000008b900000, 0x000000008b900000| Untracked 
| 186|0x000000008ba00000, 0x000000008ba00000, 0x000000008bb00000|  0%| F|  |TAMS 0x000000008ba00000, 0x000000008ba00000| Untracked 
| 187|0x000000008bb00000, 0x000000008bb00000, 0x000000008bc00000|  0%| F|  |TAMS 0x000000008bb00000, 0x000000008bb00000| Untracked 
| 188|0x000000008bc00000, 0x000000008bc00000, 0x000000008bd00000|  0%| F|  |TAMS 0x000000008bc00000, 0x000000008bc00000| Untracked 
| 189|0x000000008bd00000, 0x000000008bd00000, 0x000000008be00000|  0%| F|  |TAMS 0x000000008bd00000, 0x000000008bd00000| Untracked 
| 190|0x000000008be00000, 0x000000008be00000, 0x000000008bf00000|  0%| F|  |TAMS 0x000000008be00000, 0x000000008be00000| Untracked 
| 191|0x000000008bf00000, 0x000000008bf00000, 0x000000008c000000|  0%| F|  |TAMS 0x000000008bf00000, 0x000000008bf00000| Untracked 
| 192|0x000000008c000000, 0x000000008c000000, 0x000000008c100000|  0%| F|  |TAMS 0x000000008c000000, 0x000000008c000000| Untracked 
| 193|0x000000008c100000, 0x000000008c100000, 0x000000008c200000|  0%| F|  |TAMS 0x000000008c100000, 0x000000008c100000| Untracked 
| 194|0x000000008c200000, 0x000000008c200000, 0x000000008c300000|  0%| F|  |TAMS 0x000000008c200000, 0x000000008c200000| Untracked 
| 195|0x000000008c300000, 0x000000008c300000, 0x000000008c400000|  0%| F|  |TAMS 0x000000008c300000, 0x000000008c300000| Untracked 
| 196|0x000000008c400000, 0x000000008c400000, 0x000000008c500000|  0%| F|  |TAMS 0x000000008c400000, 0x000000008c400000| Untracked 
| 197|0x000000008c500000, 0x000000008c500000, 0x000000008c600000|  0%| F|  |TAMS 0x000000008c500000, 0x000000008c500000| Untracked 
| 198|0x000000008c600000, 0x000000008c600000, 0x000000008c700000|  0%| F|  |TAMS 0x000000008c600000, 0x000000008c600000| Untracked 
| 199|0x000000008c700000, 0x000000008c700000, 0x000000008c800000|  0%| F|  |TAMS 0x000000008c700000, 0x000000008c700000| Untracked 
| 200|0x000000008c800000, 0x000000008c800000, 0x000000008c900000|  0%| F|  |TAMS 0x000000008c800000, 0x000000008c800000| Untracked 
| 201|0x000000008c900000, 0x000000008c900000, 0x000000008ca00000|  0%| F|  |TAMS 0x000000008c900000, 0x000000008c900000| Untracked 
| 202|0x000000008ca00000, 0x000000008ca00000, 0x000000008cb00000|  0%| F|  |TAMS 0x000000008ca00000, 0x000000008ca00000| Untracked 
| 203|0x000000008cb00000, 0x000000008cb00000, 0x000000008cc00000|  0%| F|  |TAMS 0x000000008cb00000, 0x000000008cb00000| Untracked 
| 204|0x000000008cc00000, 0x000000008cc00000, 0x000000008cd00000|  0%| F|  |TAMS 0x000000008cc00000, 0x000000008cc00000| Untracked 
| 205|0x000000008cd00000, 0x000000008cd00000, 0x000000008ce00000|  0%| F|  |TAMS 0x000000008cd00000, 0x000000008cd00000| Untracked 
| 206|0x000000008ce00000, 0x000000008ce00000, 0x000000008cf00000|  0%| F|  |TAMS 0x000000008ce00000, 0x000000008ce00000| Untracked 
| 207|0x000000008cf00000, 0x000000008cf00000, 0x000000008d000000|  0%| F|  |TAMS 0x000000008cf00000, 0x000000008cf00000| Untracked 
| 208|0x000000008d000000, 0x000000008d000000, 0x000000008d100000|  0%| F|  |TAMS 0x000000008d000000, 0x000000008d000000| Untracked 
| 209|0x000000008d100000, 0x000000008d100000, 0x000000008d200000|  0%| F|  |TAMS 0x000000008d100000, 0x000000008d100000| Untracked 
| 210|0x000000008d200000, 0x000000008d200000, 0x000000008d300000|  0%| F|  |TAMS 0x000000008d200000, 0x000000008d200000| Untracked 
| 211|0x000000008d300000, 0x000000008d300000, 0x000000008d400000|  0%| F|  |TAMS 0x000000008d300000, 0x000000008d300000| Untracked 
| 212|0x000000008d400000, 0x000000008d400000, 0x000000008d500000|  0%| F|  |TAMS 0x000000008d400000, 0x000000008d400000| Untracked 
| 213|0x000000008d500000, 0x000000008d500000, 0x000000008d600000|  0%| F|  |TAMS 0x000000008d500000, 0x000000008d500000| Untracked 
| 214|0x000000008d600000, 0x000000008d600000, 0x000000008d700000|  0%| F|  |TAMS 0x000000008d600000, 0x000000008d600000| Untracked 
| 215|0x000000008d700000, 0x000000008d700000, 0x000000008d800000|  0%| F|  |TAMS 0x000000008d700000, 0x000000008d700000| Untracked 
| 216|0x000000008d800000, 0x000000008d800000, 0x000000008d900000|  0%| F|  |TAMS 0x000000008d800000, 0x000000008d800000| Untracked 
| 217|0x000000008d900000, 0x000000008d900000, 0x000000008da00000|  0%| F|  |TAMS 0x000000008d900000, 0x000000008d900000| Untracked 
| 218|0x000000008da00000, 0x000000008da00000, 0x000000008db00000|  0%| F|  |TAMS 0x000000008da00000, 0x000000008da00000| Untracked 
| 219|0x000000008db00000, 0x000000008db00000, 0x000000008dc00000|  0%| F|  |TAMS 0x000000008db00000, 0x000000008db00000| Untracked 
| 220|0x000000008dc00000, 0x000000008dc00000, 0x000000008dd00000|  0%| F|  |TAMS 0x000000008dc00000, 0x000000008dc00000| Untracked 
| 221|0x000000008dd00000, 0x000000008dd00000, 0x000000008de00000|  0%| F|  |TAMS 0x000000008dd00000, 0x000000008dd00000| Untracked 

Card table byte_map: [0x0000029e7dfb0000,0x0000029e7e3b0000] _byte_map_base: 0x0000029e7dbb0000

Marking Bits (Prev, Next): (CMBitMap*) 0x0000029e77cd1cd8, (CMBitMap*) 0x0000029e77cd1d10
 Prev Bits: [0x0000029e0f000000, 0x0000029e11000000)
 Next Bits: [0x0000029e11000000, 0x0000029e13000000)

Polling page: 0x0000029e77d70000

Metaspace:

Usage:
  Non-class:     85.59 MB capacity,    84.14 MB ( 98%) used,     1.20 MB (  1%) free+waste,   253.69 KB ( <1%) overhead. 
      Class:     12.76 MB capacity,    11.93 MB ( 94%) used,   733.30 KB (  6%) free+waste,   112.44 KB ( <1%) overhead. 
       Both:     98.35 MB capacity,    96.08 MB ( 98%) used,     1.92 MB (  2%) free+waste,   366.13 KB ( <1%) overhead. 

Virtual space:
  Non-class space:       86.00 MB reserved,      85.75 MB (>99%) committed 
      Class space:        1.00 GB reserved,      12.88 MB (  1%) committed 
             Both:        1.08 GB reserved,      98.63 MB (  9%) committed 

Chunk freelists:
   Non-Class:  96.00 KB
       Class:  56.00 KB
        Both:  152.00 KB

MaxMetaspaceSize: 17179869184.00 GB
CompressedClassSpaceSize: 1.00 GB

CodeHeap 'non-profiled nmethods': size=120000Kb used=7750Kb max_used=7761Kb free=112249Kb
 bounds [0x0000029e07ad0000, 0x0000029e08280000, 0x0000029e0f000000]
CodeHeap 'profiled nmethods': size=120000Kb used=29389Kb max_used=29389Kb free=90610Kb
 bounds [0x0000029e005a0000, 0x0000029e02260000, 0x0000029e07ad0000]
CodeHeap 'non-nmethods': size=5760Kb used=2276Kb max_used=2352Kb free=3483Kb
 bounds [0x0000029e00000000, 0x0000029e00270000, 0x0000029e005a0000]
 total_blobs=14175 nmethods=13299 adapters=787
 compilation: enabled
              stopped_count=0, restarted_count=0
 full_count=0

Compilation events (20 events):
Event: 30.837 Thread 0x0000029e7fc0c000 nmethod 14322 0x0000029e02204690 code [0x0000029e02204920, 0x0000029e02204e38]
Event: 30.837 Thread 0x0000029e7fc0c000 14335 %     3       com.android.tools.r8.C.a.a.f::a @ 2576 (6058 bytes)
Event: 30.918 Thread 0x0000029e7fc0c000 nmethod 14335% 0x0000029e02205190 code [0x0000029e02206aa0, 0x0000029e0221d2e8]
Event: 30.918 Thread 0x0000029e7fc0c000 14356       2       org.gradle.internal.operations.DefaultBuildOperationRunner$BuildOperationTrackingListener::close (42 bytes)
Event: 30.919 Thread 0x0000029e7fc0c000 nmethod 14356 0x0000029e02228190 code [0x0000029e022283a0, 0x0000029e022287e8]
Event: 30.919 Thread 0x0000029e7fc0c000 14345       2       org.gradle.internal.operations.DefaultBuildOperationRunner$BuildOperationTrackingListener::start (53 bytes)
Event: 30.920 Thread 0x0000029e7fc0c000 nmethod 14345 0x0000029e02228b10 code [0x0000029e02228d40, 0x0000029e02229298]
Event: 30.920 Thread 0x0000029e7fc0c000 14349 %     3       com.android.tools.r8.w.a.a.a.f.K::a @ 366 (979 bytes)
Event: 30.925 Thread 0x0000029e7fc0c000 nmethod 14349% 0x0000029e02229690 code [0x0000029e02229b20, 0x0000029e0222cd28]
Event: 30.925 Thread 0x0000029e7fc0c000 14339       3       com.android.tools.r8.graph.a1$d::c (803 bytes)
Event: 30.935 Thread 0x0000029e7fc0c000 nmethod 14339 0x0000029e0222d910 code [0x0000029e0222e1a0, 0x0000029e02233f88]
Event: 30.935 Thread 0x0000029e7fc0c000 14364 %     3       com.android.tools.r8.C.a.a.f::a @ 66 (6058 bytes)
Event: 30.991 Thread 0x0000029e7fc0c000 nmethod 14364% 0x0000029e02236410 code [0x0000029e02237d20, 0x0000029e0224e6a8]
Event: 30.991 Thread 0x0000029e7fc0c000 14367       3       com.android.tools.r8.w.a.a.a.f.K::a (979 bytes)
Event: 30.996 Thread 0x0000029e7fc0c000 nmethod 14367 0x0000029e02259590 code [0x0000029e02259a00, 0x0000029e0225ca88]
Event: 30.996 Thread 0x0000029e7fc0c000 14378       3       com.android.tools.r8.C.a.a.f::a (6058 bytes)
Event: 31.000 Thread 0x0000029e1bb79800 nmethod 14223% 0x0000029e07c82390 code [0x0000029e07c826e0, 0x0000029e07c86040]
Event: 31.001 Thread 0x0000029e1bb79800 14293       4       com.android.tools.r8.C.a.a.f::<init> (383 bytes)
Event: 31.029 Thread 0x0000029e1bb79800 nmethod 14293 0x0000029e07c19590 code [0x0000029e07c19760, 0x0000029e07c1a1e8]
Event: 31.029 Thread 0x0000029e1bb79800 14016       4       com.android.tools.r8.utils.V::e (290 bytes)

GC Heap History (20 events):
Event: 28.127 GC heap after
{Heap after GC invocations=28 (full 0):
 garbage-first heap   total 189440K, used 82791K [0x0000000080000000, 0x0000000100000000)
  region size 1024K, 2 young (2048K), 2 survivors (2048K)
 Metaspace       used 90222K, capacity 92372K, committed 92672K, reserved 1130496K
  class space    used 11166K, capacity 11911K, committed 12032K, reserved 1048576K
}
Event: 28.773 GC heap before
{Heap before GC invocations=28 (full 0):
 garbage-first heap   total 189440K, used 150375K [0x0000000080000000, 0x0000000100000000)
  region size 1024K, 69 young (70656K), 2 survivors (2048K)
 Metaspace       used 91889K, capacity 94044K, committed 94336K, reserved 1132544K
  class space    used 11353K, capacity 12099K, committed 12160K, reserved 1048576K
}
Event: 28.781 GC heap after
{Heap after GC invocations=29 (full 0):
 garbage-first heap   total 189440K, used 86776K [0x0000000080000000, 0x0000000100000000)
  region size 1024K, 6 young (6144K), 6 survivors (6144K)
 Metaspace       used 91889K, capacity 94044K, committed 94336K, reserved 1132544K
  class space    used 11353K, capacity 12099K, committed 12160K, reserved 1048576K
}
Event: 29.134 GC heap before
{Heap before GC invocations=29 (full 0):
 garbage-first heap   total 189440K, used 147192K [0x0000000080000000, 0x0000000100000000)
  region size 1024K, 63 young (64512K), 6 survivors (6144K)
 Metaspace       used 92901K, capacity 95092K, committed 95232K, reserved 1132544K
  class space    used 11486K, capacity 12256K, committed 12288K, reserved 1048576K
}
Event: 29.148 GC heap after
{Heap after GC invocations=30 (full 0):
 garbage-first heap   total 189440K, used 93844K [0x0000000080000000, 0x0000000100000000)
  region size 1024K, 7 young (7168K), 7 survivors (7168K)
 Metaspace       used 92901K, capacity 95092K, committed 95232K, reserved 1132544K
  class space    used 11486K, capacity 12256K, committed 12288K, reserved 1048576K
}
Event: 29.461 GC heap before
{Heap before GC invocations=31 (full 0):
 garbage-first heap   total 189440K, used 157332K [0x0000000080000000, 0x0000000100000000)
  region size 1024K, 68 young (69632K), 7 survivors (7168K)
 Metaspace       used 93503K, capacity 95718K, committed 95872K, reserved 1132544K
  class space    used 11574K, capacity 12358K, committed 12416K, reserved 1048576K
}
Event: 29.475 GC heap after
{Heap after GC invocations=32 (full 0):
 garbage-first heap   total 189440K, used 99477K [0x0000000080000000, 0x0000000100000000)
  region size 1024K, 9 young (9216K), 9 survivors (9216K)
 Metaspace       used 93503K, capacity 95718K, committed 95872K, reserved 1132544K
  class space    used 11574K, capacity 12358K, committed 12416K, reserved 1048576K
}
Event: 29.480 GC heap before
{Heap before GC invocations=32 (full 0):
 garbage-first heap   total 189440K, used 100501K [0x0000000080000000, 0x0000000100000000)
  region size 1024K, 10 young (10240K), 9 survivors (9216K)
 Metaspace       used 93523K, capacity 95718K, committed 95872K, reserved 1132544K
  class space    used 11577K, capacity 12358K, committed 12416K, reserved 1048576K
}
Event: 29.489 GC heap after
{Heap after GC invocations=33 (full 0):
 garbage-first heap   total 189440K, used 94897K [0x0000000080000000, 0x0000000100000000)
  region size 1024K, 2 young (2048K), 2 survivors (2048K)
 Metaspace       used 93523K, capacity 95718K, committed 95872K, reserved 1132544K
  class space    used 11577K, capacity 12358K, committed 12416K, reserved 1048576K
}
Event: 29.609 GC heap before
{Heap before GC invocations=33 (full 0):
 garbage-first heap   total 189440K, used 152241K [0x0000000080000000, 0x0000000100000000)
  region size 1024K, 59 young (60416K), 2 survivors (2048K)
 Metaspace       used 94055K, capacity 96301K, committed 96512K, reserved 1132544K
  class space    used 11642K, capacity 12443K, committed 12544K, reserved 1048576K
}
Event: 29.617 GC heap after
{Heap after GC invocations=34 (full 0):
 garbage-first heap   total 189440K, used 106105K [0x0000000080000000, 0x0000000100000000)
  region size 1024K, 8 young (8192K), 8 survivors (8192K)
 Metaspace       used 94055K, capacity 96301K, committed 96512K, reserved 1132544K
  class space    used 11642K, capacity 12443K, committed 12544K, reserved 1048576K
}
Event: 29.887 GC heap before
{Heap before GC invocations=34 (full 0):
 garbage-first heap   total 189440K, used 151161K [0x0000000080000000, 0x0000000100000000)
  region size 1024K, 53 young (54272K), 8 survivors (8192K)
 Metaspace       used 94715K, capacity 96994K, committed 97152K, reserved 1134592K
  class space    used 11748K, capacity 12550K, committed 12672K, reserved 1048576K
}
Event: 29.894 GC heap after
{Heap after GC invocations=35 (full 0):
 garbage-first heap   total 227328K, used 112497K [0x0000000080000000, 0x0000000100000000)
  region size 1024K, 7 young (7168K), 7 survivors (7168K)
 Metaspace       used 94715K, capacity 96994K, committed 97152K, reserved 1134592K
  class space    used 11748K, capacity 12550K, committed 12672K, reserved 1048576K
}
Event: 30.271 GC heap before
{Heap before GC invocations=36 (full 0):
 garbage-first heap   total 227328K, used 179057K [0x0000000080000000, 0x0000000100000000)
  region size 1024K, 72 young (73728K), 7 survivors (7168K)
 Metaspace       used 96562K, capacity 98908K, committed 99200K, reserved 1136640K
  class space    used 12018K, capacity 12875K, committed 12928K, reserved 1048576K
}
Event: 30.291 GC heap after
{Heap after GC invocations=37 (full 0):
 garbage-first heap   total 227328K, used 119321K [0x0000000080000000, 0x0000000100000000)
  region size 1024K, 9 young (9216K), 9 survivors (9216K)
 Metaspace       used 96562K, capacity 98908K, committed 99200K, reserved 1136640K
  class space    used 12018K, capacity 12875K, committed 12928K, reserved 1048576K
}
Event: 30.510 GC heap before
{Heap before GC invocations=37 (full 0):
 garbage-first heap   total 227328K, used 179737K [0x0000000080000000, 0x0000000100000000)
  region size 1024K, 68 young (69632K), 9 survivors (9216K)
 Metaspace       used 96963K, capacity 99342K, committed 99584K, reserved 1136640K
  class space    used 12070K, capacity 12932K, committed 13056K, reserved 1048576K
}
Event: 30.540 GC heap after
{Heap after GC invocations=38 (full 0):
 garbage-first heap   total 227328K, used 131630K [0x0000000080000000, 0x0000000100000000)
  region size 1024K, 9 young (9216K), 9 survivors (9216K)
 Metaspace       used 96963K, capacity 99342K, committed 99584K, reserved 1136640K
  class space    used 12070K, capacity 12932K, committed 13056K, reserved 1048576K
}
Event: 30.864 GC heap before
{Heap before GC invocations=38 (full 0):
 garbage-first heap   total 227328K, used 179758K [0x0000000080000000, 0x0000000100000000)
  region size 1024K, 57 young (58368K), 9 survivors (9216K)
 Metaspace       used 97941K, capacity 100256K, committed 100736K, reserved 1136640K
  class space    used 12180K, capacity 13016K, committed 13184K, reserved 1048576K
}
Event: 30.888 GC heap after
{Heap after GC invocations=39 (full 0):
 garbage-first heap   total 227328K, used 142061K [0x0000000080000000, 0x0000000100000000)
  region size 1024K, 8 young (8192K), 8 survivors (8192K)
 Metaspace       used 97941K, capacity 100256K, committed 100736K, reserved 1136640K
  class space    used 12180K, capacity 13016K, committed 13184K, reserved 1048576K
}
Event: 31.049 GC heap before
{Heap before GC invocations=40 (full 0):
 garbage-first heap   total 227328K, used 183021K [0x0000000080000000, 0x0000000100000000)
  region size 1024K, 49 young (50176K), 8 survivors (8192K)
 Metaspace       used 98381K, capacity 100712K, committed 100992K, reserved 1136640K
  class space    used 12218K, capacity 13064K, committed 13184K, reserved 1048576K
}

Deoptimization events (20 events):
Event: 30.955 Thread 0x0000029e17f12000 DEOPT PACKING pc=0x0000029e00aa9bde sp=0x000000f1787fa0b0
Event: 30.955 Thread 0x0000029e17f12000 DEOPT UNPACKING pc=0x0000029e000272ce sp=0x000000f1787f95e0 mode 0
Event: 30.978 Thread 0x0000029e17f11000 Uncommon trap: trap_request=0xffffff4d fr.pc=0x0000029e07b17630 relative=0x0000000000001230
Event: 30.978 Thread 0x0000029e17f11000 Uncommon trap: reason=unstable_if action=reinterpret pc=0x0000029e07b17630 method=java.util.concurrent.ConcurrentHashMap.transfer([Ljava/util/concurrent/ConcurrentHashMap$Node;[Ljava/util/concurrent/ConcurrentHashMap$Node;)V @ 352 c2
Event: 30.978 Thread 0x0000029e17f11000 DEOPT PACKING pc=0x0000029e07b17630 sp=0x000000f1786fae80
Event: 30.978 Thread 0x0000029e17f11000 DEOPT UNPACKING pc=0x0000029e000274af sp=0x000000f1786fae18 mode 2
Event: 30.979 Thread 0x0000029e17f11000 Uncommon trap: trap_request=0xffffff4d fr.pc=0x0000029e07b7f7b4 relative=0x0000000000001054
Event: 30.979 Thread 0x0000029e17f11000 Uncommon trap: reason=unstable_if action=reinterpret pc=0x0000029e07b7f7b4 method=java.util.concurrent.ConcurrentHashMap.transfer([Ljava/util/concurrent/ConcurrentHashMap$Node;[Ljava/util/concurrent/ConcurrentHashMap$Node;)V @ 352 c2
Event: 30.979 Thread 0x0000029e17f11000 DEOPT PACKING pc=0x0000029e07b7f7b4 sp=0x000000f1786faea0
Event: 30.979 Thread 0x0000029e17f11000 DEOPT UNPACKING pc=0x0000029e000274af sp=0x000000f1786fae18 mode 2
Event: 30.993 Thread 0x0000029e17f11000 DEOPT PACKING pc=0x0000029e00aa9bde sp=0x000000f1786fa790
Event: 30.993 Thread 0x0000029e17f11000 DEOPT UNPACKING pc=0x0000029e000272ce sp=0x000000f1786f9cc0 mode 0
Event: 30.993 Thread 0x0000029e19e71000 DEOPT PACKING pc=0x0000029e021eaf60 sp=0x000000f178bf9b30
Event: 30.993 Thread 0x0000029e19e71000 DEOPT UNPACKING pc=0x0000029e000272ce sp=0x000000f178bf92b8 mode 0
Event: 31.009 Thread 0x0000029e19e71000 DEOPT PACKING pc=0x0000029e00aa9bde sp=0x000000f178bfa3c0
Event: 31.009 Thread 0x0000029e19e71000 DEOPT UNPACKING pc=0x0000029e000272ce sp=0x000000f178bf98f0 mode 0
Event: 31.016 Thread 0x0000029e19e71000 DEOPT PACKING pc=0x0000029e021e9cb2 sp=0x000000f178bf9b30
Event: 31.016 Thread 0x0000029e19e71000 DEOPT UNPACKING pc=0x0000029e000272ce sp=0x000000f178bf92c0 mode 0
Event: 31.043 Thread 0x0000029e17f0e800 DEOPT PACKING pc=0x0000029e021eaf60 sp=0x000000f1784fa030
Event: 31.043 Thread 0x0000029e17f0e800 DEOPT UNPACKING pc=0x0000029e000272ce sp=0x000000f1784f97b8 mode 0

Classes redefined (0 events):
No events

Internal exceptions (20 events):
Event: 29.552 Thread 0x0000029e19e72000 Exception <a 'sun/nio/fs/WindowsException'{0x0000000089a4f9b8}> (0x0000000089a4f9b8) thrown at [./src/hotspot/share/prims/jni.cpp, line 615]
Event: 29.557 Thread 0x0000029e19e74800 Exception <a 'sun/nio/fs/WindowsException'{0x0000000089b310d0}> (0x0000000089b310d0) thrown at [./src/hotspot/share/prims/jni.cpp, line 615]
Event: 29.599 Thread 0x0000029e17f0f800 Exception <a 'sun/nio/fs/WindowsException'{0x000000008828ad90}> (0x000000008828ad90) thrown at [./src/hotspot/share/prims/jni.cpp, line 615]
Event: 29.657 Thread 0x0000029e19e71000 Exception <a 'sun/nio/fs/WindowsException'{0x000000008ab57ed8}> (0x000000008ab57ed8) thrown at [./src/hotspot/share/prims/jni.cpp, line 615]
Event: 29.685 Thread 0x0000029e17f11000 Exception <a 'sun/nio/fs/WindowsException'{0x000000008a4eb908}> (0x000000008a4eb908) thrown at [./src/hotspot/share/prims/jni.cpp, line 615]
Event: 29.774 Thread 0x0000029e17f0e800 Exception <a 'sun/nio/fs/WindowsException'{0x000000008942ed00}> (0x000000008942ed00) thrown at [./src/hotspot/share/prims/jni.cpp, line 615]
Event: 29.781 Thread 0x0000029e17f0e800 Exception <a 'java/lang/NoSuchMethodError'{0x0000000089312bd8}: 'int java.lang.invoke.DirectMethodHandle$Holder.invokeVirtual(java.lang.Object, java.lang.Object, java.lang.Object)'> (0x0000000089312bd8) thrown at [./src/hotspot/share/interpreter/linkResolver.cpp, line 773]
Event: 29.781 Thread 0x0000029e17f12000 Exception <a 'java/lang/NoSuchMethodError'{0x00000000894effb0}: 'int java.lang.invoke.DirectMethodHandle$Holder.invokeVirtual(java.lang.Object, java.lang.Object, java.lang.Object)'> (0x00000000894effb0) thrown at [./src/hotspot/share/interpreter/linkResolver.cpp, line 773]
Event: 29.782 Thread 0x0000029e17f0f800 Exception <a 'java/lang/NoSuchMethodError'{0x0000000089358540}: 'int java.lang.invoke.DirectMethodHandle$Holder.invokeVirtual(java.lang.Object, java.lang.Object, java.lang.Object)'> (0x0000000089358540) thrown at [./src/hotspot/share/interpreter/linkResolver.cpp, line 773]
Event: 29.781 Thread 0x0000029e19e71000 Exception <a 'java/lang/NoSuchMethodError'{0x0000000089320288}: 'int java.lang.invoke.DirectMethodHandle$Holder.invokeVirtual(java.lang.Object, java.lang.Object, java.lang.Object)'> (0x0000000089320288) thrown at [./src/hotspot/share/interpreter/linkResolver.cpp, line 773]
Event: 29.935 Thread 0x0000029e19e71000 Exception <a 'java/lang/NoSuchMethodError'{0x000000008d86f5d8}: 'int java.lang.invoke.DirectMethodHandle$Holder.invokeVirtual(java.lang.Object, java.lang.Object)'> (0x000000008d86f5d8) thrown at [./src/hotspot/share/interpreter/linkResolver.cpp, line 773]
Event: 29.936 Thread 0x0000029e19e71000 Exception <a 'java/lang/NoSuchMethodError'{0x000000008d875500}: 'java.lang.Object java.lang.invoke.DirectMethodHandle$Holder.invokeStatic(java.lang.Object, java.lang.Object, java.lang.Object, java.lang.Object, java.lang.Object, java.lang.Object, java.lang.Object, java.lang.Object, java.lang.Object, java.lang.Object, java.lang.Object, java.lang.Object, java.lang.Object, java.lang.Object, java.lang.Object, java.lang.Object, java.lang.Object, int, java.lang.Object)'> (0x000000008d875500) thrown at [./src/hots
Event: 29.937 Thread 0x0000029e19e71000 Exception <a 'java/lang/NoSuchMethodError'{0x000000008d87b348}: 'java.lang.Object java.lang.invoke.DirectMethodHandle$Holder.invokeStaticInit(java.lang.Object, java.lang.Object, java.lang.Object, java.lang.Object, java.lang.Object, java.lang.Object, java.lang.Object, java.lang.Object, java.lang.Object, java.lang.Object, java.lang.Object, java.lang.Object, java.lang.Object, java.lang.Object, java.lang.Object, java.lang.Object, java.lang.Object, int, java.lang.Object)'> (0x000000008d87b348) thrown at [./src/
Event: 30.034 Thread 0x0000029e19e71000 Exception <a 'java/lang/NoSuchMethodError'{0x000000008c9c1b88}: 'java.lang.Object java.lang.invoke.DirectMethodHandle$Holder.invokeStatic(java.lang.Object, long)'> (0x000000008c9c1b88) thrown at [./src/hotspot/share/interpreter/linkResolver.cpp, line 773]
Event: 30.397 Thread 0x0000029e17f12000 Exception <a 'java/lang/NoSuchMethodError'{0x000000008c28f2a0}: 'java.lang.Object java.lang.invoke.DirectMethodHandle$Holder.newInvokeSpecial(java.lang.Object, int)'> (0x000000008c28f2a0) thrown at [./src/hotspot/share/interpreter/linkResolver.cpp, line 773]
Event: 30.397 Thread 0x0000029e19e72000 Exception <a 'java/lang/NoSuchMethodError'{0x000000008c117ba0}: 'java.lang.Object java.lang.invoke.DirectMethodHandle$Holder.newInvokeSpecial(java.lang.Object, int)'> (0x000000008c117ba0) thrown at [./src/hotspot/share/interpreter/linkResolver.cpp, line 773]
Event: 30.450 Thread 0x0000029e19e72000 Exception <a 'java/lang/NoSuchMethodError'{0x000000008b5058a8}: 'void java.lang.invoke.DirectMethodHandle$Holder.invokeStatic(java.lang.Object, java.lang.Object, java.lang.Object, int)'> (0x000000008b5058a8) thrown at [./src/hotspot/share/interpreter/linkResolver.cpp, line 773]
Event: 30.453 Thread 0x0000029e19e72000 Exception <a 'java/lang/IncompatibleClassChangeError'{0x000000008b5d86f8}: Found class java.lang.Object, but interface was expected> (0x000000008b5d86f8) thrown at [./src/hotspot/share/interpreter/linkResolver.cpp, line 839]
Event: 31.023 Thread 0x0000029e19e72000 Exception <a 'java/lang/NoSuchMethodError'{0x000000008bbfe8f0}: 'void java.lang.invoke.DirectMethodHandle$Holder.invokeStaticInit(java.lang.Object, java.lang.Object, java.lang.Object, java.lang.Object, java.lang.Object)'> (0x000000008bbfe8f0) thrown at [./src/hotspot/share/interpreter/linkResolver.cpp, line 773]
Event: 31.023 Thread 0x0000029e17f12000 Exception <a 'java/lang/NoSuchMethodError'{0x000000008cecb420}: 'void java.lang.invoke.DirectMethodHandle$Holder.invokeStaticInit(java.lang.Object, java.lang.Object, java.lang.Object, java.lang.Object, java.lang.Object)'> (0x000000008cecb420) thrown at [./src/hotspot/share/interpreter/linkResolver.cpp, line 773]

Events (20 events):
Event: 31.029 loading class com/android/tools/r8/v/c/b$c done
Event: 31.029 loading class com/android/tools/r8/graph/t0$m
Event: 31.029 loading class com/android/tools/r8/graph/t0$m done
Event: 31.030 loading class com/android/tools/r8/v/b/x0
Event: 31.030 loading class com/android/tools/r8/v/b/x0 done
Event: 31.030 loading class com/android/tools/r8/v/c/b$c
Event: 31.030 loading class com/android/tools/r8/v/c/b$c done
Event: 31.030 loading class com/android/tools/r8/v/c/b$c
Event: 31.030 loading class com/android/tools/r8/v/c/b$c done
Event: 31.030 loading class com/android/tools/r8/v/b/x0
Event: 31.030 loading class com/android/tools/r8/v/b/x0 done
Event: 31.030 loading class com/android/tools/r8/v/c/b$c
Event: 31.030 loading class com/android/tools/r8/v/c/b$c done
Event: 31.030 loading class com/android/tools/r8/utils/m0
Event: 31.030 loading class com/android/tools/r8/utils/m0 done
Event: 31.030 loading class com/android/tools/r8/v/c/i0/a
Event: 31.030 loading class com/android/tools/r8/v/c/i0/a done
Event: 31.044 Executing VM operation: G1CollectForAllocation
Event: 31.049 loading class com/android/tools/r8/utils/m0
Event: 31.049 loading class com/android/tools/r8/utils/m0 done


Dynamic libraries:
0x00007ff78f620000 - 0x00007ff78f62a000 	C:\Program Files\Android\Android Studio\jre\bin\java.exe
0x00007ffb83cb0000 - 0x00007ffb83ea5000 	C:\WINDOWS\SYSTEM32\ntdll.dll
0x00007ffb83a40000 - 0x00007ffb83afd000 	C:\WINDOWS\System32\KERNEL32.DLL
0x00007ffb81710000 - 0x00007ffb819d8000 	C:\WINDOWS\System32\KERNELBASE.dll
0x00007ffb81c10000 - 0x00007ffb81d10000 	C:\WINDOWS\System32\ucrtbase.dll
0x00007ffb750a0000 - 0x00007ffb750b9000 	C:\Program Files\Android\Android Studio\jre\bin\jli.dll
0x00007ffb75080000 - 0x00007ffb75097000 	C:\Program Files\Android\Android Studio\jre\bin\VCRUNTIME140.dll
0x00007ffb828c0000 - 0x00007ffb82a60000 	C:\WINDOWS\System32\USER32.dll
0x00007ffb819e0000 - 0x00007ffb81a02000 	C:\WINDOWS\System32\win32u.dll
0x00007ffb72010000 - 0x00007ffb722aa000 	C:\WINDOWS\WinSxS\amd64_microsoft.windows.common-controls_6595b64144ccf1df_6.0.19041.844_none_ca00b6081b84eb1d\COMCTL32.dll
0x00007ffb832c0000 - 0x00007ffb832ea000 	C:\WINDOWS\System32\GDI32.dll
0x00007ffb83620000 - 0x00007ffb836be000 	C:\WINDOWS\System32\msvcrt.dll
0x00007ffb81a10000 - 0x00007ffb81b1b000 	C:\WINDOWS\System32\gdi32full.dll
0x00007ffb81b20000 - 0x00007ffb81bbd000 	C:\WINDOWS\System32\msvcp_win.dll
0x00007ffb82690000 - 0x00007ffb826c0000 	C:\WINDOWS\System32\IMM32.DLL
0x0000000180000000 - 0x0000000180007000 	C:\Program Files\Prio\prio.dll
0x00007ffb83720000 - 0x00007ffb837cc000 	C:\WINDOWS\System32\ADVAPI32.dll
0x00007ffb83b60000 - 0x00007ffb83bfb000 	C:\WINDOWS\System32\sechost.dll
0x00007ffb83880000 - 0x00007ffb839ab000 	C:\WINDOWS\System32\RPCRT4.dll
0x00007ffb51fe0000 - 0x00007ffb5207d000 	C:\Program Files\Android\Android Studio\jre\bin\msvcp140.dll
0x00007ffb38270000 - 0x00007ffb38d2c000 	C:\Program Files\Android\Android Studio\jre\bin\server\jvm.dll
0x00007ffb83c60000 - 0x00007ffb83c68000 	C:\WINDOWS\System32\PSAPI.DLL
0x00007ffb7cf70000 - 0x00007ffb7cf79000 	C:\WINDOWS\SYSTEM32\WSOCK32.dll
0x00007ffb75020000 - 0x00007ffb75047000 	C:\WINDOWS\SYSTEM32\WINMM.dll
0x00007ffb7fbc0000 - 0x00007ffb7fbca000 	C:\WINDOWS\SYSTEM32\VERSION.dll
0x00007ffb82af0000 - 0x00007ffb82b5b000 	C:\WINDOWS\System32\WS2_32.dll
0x00007ffb7fcc0000 - 0x00007ffb7fcd2000 	C:\WINDOWS\SYSTEM32\kernel.appcore.dll
0x00007ffb750c0000 - 0x00007ffb750d1000 	C:\Program Files\Android\Android Studio\jre\bin\verify.dll
0x00007ffb6db50000 - 0x00007ffb6dd34000 	C:\WINDOWS\SYSTEM32\DBGHELP.DLL
0x00007ffb6d760000 - 0x00007ffb6d78c000 	C:\WINDOWS\SYSTEM32\dbgcore.DLL
0x00007ffb813f0000 - 0x00007ffb81470000 	C:\WINDOWS\System32\bcryptPrimitives.dll
0x00007ffb74200000 - 0x00007ffb74229000 	C:\Program Files\Android\Android Studio\jre\bin\java.dll
0x00007ffb7bd20000 - 0x00007ffb7bd2b000 	C:\Program Files\Android\Android Studio\jre\bin\jimage.dll
0x00007ffb74730000 - 0x00007ffb74748000 	C:\Program Files\Android\Android Studio\jre\bin\zip.dll
0x00007ffb82b60000 - 0x00007ffb832a2000 	C:\WINDOWS\System32\SHELL32.dll
0x00007ffb7f380000 - 0x00007ffb7fb10000 	C:\WINDOWS\SYSTEM32\windows.storage.dll
0x00007ffb81ec0000 - 0x00007ffb82215000 	C:\WINDOWS\System32\combase.dll
0x00007ffb80d90000 - 0x00007ffb80dbc000 	C:\WINDOWS\SYSTEM32\Wldp.dll
0x00007ffb82810000 - 0x00007ffb828be000 	C:\WINDOWS\System32\SHCORE.dll
0x00007ffb836c0000 - 0x00007ffb83715000 	C:\WINDOWS\System32\shlwapi.dll
0x00007ffb81330000 - 0x00007ffb8134f000 	C:\WINDOWS\SYSTEM32\profapi.dll
0x00007ffb746f0000 - 0x00007ffb7470a000 	C:\Program Files\Android\Android Studio\jre\bin\net.dll
0x00007ffb74390000 - 0x00007ffb7449b000 	C:\WINDOWS\SYSTEM32\WINHTTP.dll
0x00007ffb80b00000 - 0x00007ffb80b6a000 	C:\WINDOWS\system32\mswsock.dll
0x00007ffb74300000 - 0x00007ffb74314000 	C:\Program Files\Android\Android Studio\jre\bin\nio.dll
0x00007ffb72d40000 - 0x00007ffb72d67000 	C:\Users\chand\.gradle\native\fdc75f09e3144964f2cf3f50f0aa648679c211496f362492102eb8c894070792\windows-amd64\native-platform.dll
0x00007ffb34e40000 - 0x00007ffb34fd6000 	C:\Users\chand\.gradle\native\12488b8bf47d2d4c9fbf2f6322a914ad602e24e48041cd04a747c6da556b65c4\windows-amd64\native-platform-file-events.dll
0x00007ffb79fb0000 - 0x00007ffb79fba000 	C:\Program Files\Android\Android Studio\jre\bin\management.dll
0x00007ffb75220000 - 0x00007ffb7522c000 	C:\Program Files\Android\Android Studio\jre\bin\management_ext.dll
0x00007ffb80ce0000 - 0x00007ffb80cf8000 	C:\WINDOWS\SYSTEM32\CRYPTSP.dll
0x00007ffb804a0000 - 0x00007ffb804d4000 	C:\WINDOWS\system32\rsaenh.dll
0x00007ffb81680000 - 0x00007ffb816a7000 	C:\WINDOWS\System32\bcrypt.dll
0x00007ffb812b0000 - 0x00007ffb812de000 	C:\WINDOWS\SYSTEM32\USERENV.dll
0x00007ffb80cd0000 - 0x00007ffb80cdc000 	C:\WINDOWS\SYSTEM32\CRYPTBASE.dll
0x00007ffb807f0000 - 0x00007ffb8082b000 	C:\WINDOWS\SYSTEM32\IPHLPAPI.DLL
0x00007ffb82a60000 - 0x00007ffb82a68000 	C:\WINDOWS\System32\NSI.dll
0x00007ffb79480000 - 0x00007ffb79497000 	C:\WINDOWS\SYSTEM32\dhcpcsvc6.DLL
0x00007ffb79980000 - 0x00007ffb7999d000 	C:\WINDOWS\SYSTEM32\dhcpcsvc.DLL
0x00007ffb80830000 - 0x00007ffb808fc000 	C:\WINDOWS\SYSTEM32\DNSAPI.dll
0x00007ffb7ae90000 - 0x00007ffb7ae9b000 	C:\WINDOWS\SYSTEM32\WINNSI.DLL

dbghelp: loaded successfully - version: 4.0.5 - missing functions: none
symbol engine: initialized successfully - sym options: 0x614 - pdb path: .;C:\Program Files\Android\Android Studio\jre\bin;C:\WINDOWS\SYSTEM32;C:\WINDOWS\WinSxS\amd64_microsoft.windows.common-controls_6595b64144ccf1df_6.0.19041.844_none_ca00b6081b84eb1d;C:\Program Files\Prio;C:\Program Files\Android\Android Studio\jre\bin\server;C:\Users\chand\.gradle\native\fdc75f09e3144964f2cf3f50f0aa648679c211496f362492102eb8c894070792\windows-amd64;C:\Users\chand\.gradle\native\12488b8bf47d2d4c9fbf2f6322a914ad602e24e48041cd04a747c6da556b65c4\windows-amd64

VM Arguments:
jvm_args: --add-opens=java.base/java.util=ALL-UNNAMED --add-opens=java.base/java.lang=ALL-UNNAMED --add-opens=java.base/java.lang.invoke=ALL-UNNAMED --add-opens=java.prefs/java.util.prefs=ALL-UNNAMED -Xmx2048m -Dfile.encoding=UTF-8 -Duser.country=ID -Duser.language=en -Duser.variant 
java_command: org.gradle.launcher.daemon.bootstrap.GradleDaemon 6.7.1
java_class_path (initial): C:\Users\chand\.gradle\wrapper\dists\gradle-6.7.1-bin\bwlcbys1h7rz3272sye1xwiv6\gradle-6.7.1\lib\gradle-launcher-6.7.1.jar
Launcher Type: SUN_STANDARD

[Global flags]
     intx CICompilerCount                          = 4                                         {product} {ergonomic}
     uint ConcGCThreads                            = 2                                         {product} {ergonomic}
     uint G1ConcRefinementThreads                  = 8                                         {product} {ergonomic}
   size_t G1HeapRegionSize                         = 1048576                                   {product} {ergonomic}
    uintx GCDrainStackTargetSize                   = 64                                        {product} {ergonomic}
   size_t InitialHeapSize                          = 134217728                                 {product} {ergonomic}
   size_t MarkStackSize                            = 4194304                                   {product} {ergonomic}
   size_t MaxHeapSize                              = 2147483648                                {product} {command line}
   size_t MaxNewSize                               = 1287651328                                {product} {ergonomic}
   size_t MinHeapDeltaBytes                        = 1048576                                   {product} {ergonomic}
    uintx NonNMethodCodeHeapSize                   = 5836300                                {pd product} {ergonomic}
    uintx NonProfiledCodeHeapSize                  = 122910970                              {pd product} {ergonomic}
    uintx ProfiledCodeHeapSize                     = 122910970                              {pd product} {ergonomic}
    uintx ReservedCodeCacheSize                    = 251658240                              {pd product} {ergonomic}
     bool SegmentedCodeCache                       = true                                      {product} {ergonomic}
     bool UseCompressedClassPointers               = true                                 {lp64_product} {ergonomic}
     bool UseCompressedOops                        = true                                 {lp64_product} {ergonomic}
     bool UseG1GC                                  = true                                      {product} {ergonomic}
     bool UseLargePagesIndividualAllocation        = false                                  {pd product} {ergonomic}

Logging:
Log output configuration:
 #0: stdout all=warning uptime,level,tags
 #1: stderr all=off uptime,level,tags

Environment Variables:
PATH=C:\Program Files (x86)\Common Files\Oracle\Java\javapath;C:\Program Files (x86)\Common Files\Intel\Shared Libraries\redist\intel64\compiler;C:\WINDOWS\system32;C:\WINDOWS;C:\WINDOWS\System32\Wbem;C:\WINDOWS\System32\WindowsPowerShell\v1.0\;C:\WINDOWS\System32\OpenSSH\;C:\Program Files\dotnet\;C:\Program Files\Prio;C:\Program Files (x86)\QuickTime Alternative\QTSystem;C:\ProgramData\chocolatey\bin;C:\Program Files\Git\cmd;C:\exiftool;C:\Users\chand\AppData\Local\Microsoft\WindowsApps;C:\Users\chand\AppData\Local\GitHubDesktop\bin
USERNAME=chand
OS=Windows_NT
PROCESSOR_IDENTIFIER=Intel64 Family 6 Model 60 Stepping 3, GenuineIntel



---------------  S Y S T E M  ---------------

OS: Windows 10 , 64 bit Build 19041 (10.0.19041.928)
OS uptime: 1 days 4:30 hours

CPU:total 8 (initial active 8) (4 cores per cpu, 2 threads per core) family 6 model 60 stepping 3, cmov, cx8, fxsr, mmx, sse, sse2, sse3, ssse3, sse4.1, sse4.2, popcnt, avx, avx2, aes, clmul, erms, lzcnt, ht, tsc, tscinvbit, bmi1, bmi2, fma

Memory: 4k page, system-wide physical 8097M (840M free)
TotalPageFile size 11797M (AvailPageFile size 120M)
current process WorkingSet (physical memory assigned to process): 563M, peak: 564M
current process commit charge ("private bytes"): 636M, peak: 759M

vm_info: OpenJDK 64-Bit Server VM (11.0.8+10-b944.6842174) for windows-amd64 JRE (11.0.8+10-b944.6842174), built on Sep 19 2020 01:11:42 by "builder" with MS VC++ 14.0 (VS2015)

END.
